0
Drug Target Interaction Prediction Mode...
in total: 44402 drug-target pairs
encoding drug...
unique drugs: 791
encoding protein...
unique target sequence: 988
splitting dataset...
do not do train/test split on the data for already splitted data
Drug Target Interaction Prediction Mode...
in total: 449 drug-target pairs
encoding drug...
unique drugs: 238
encoding protein...
unique target sequence: 353
splitting dataset...
do not do train/test split on the data for already splitted data
Drug Target Interaction Prediction Mode...
in total: 5537 drug-target pairs
encoding drug...
unique drugs: 227
encoding protein...
unique target sequence: 984
splitting dataset...
do not do train/test split on the data for already splitted data
Let's use 1 GPU!
--- Data Preparation ---
--- Go for Training ---
Training at Epoch 1 iteration 0 with loss 0.67507. Total time 0.00055 hours
Training at Epoch 1 iteration 100 with loss 0.31165. Total time 0.02888 hours
Validation at Epoch 1, AUROC: 0.68578 , AUPRC: 0.20549 , F1: 0.0 , Cross-entropy Loss: 3.53849
Training at Epoch 2 iteration 0 with loss 0.30448. Total time 0.05083 hours
Training at Epoch 2 iteration 100 with loss 0.32907. Total time 0.08 hours
Validation at Epoch 2, AUROC: 0.70093 , AUPRC: 0.20485 , F1: 0.0 , Cross-entropy Loss: 3.53849
Training at Epoch 3 iteration 0 with loss 0.30835. Total time 0.10111 hours
Training at Epoch 3 iteration 100 with loss 0.32732. Total time 0.12916 hours
Validation at Epoch 3, AUROC: 0.69171 , AUPRC: 0.20743 , F1: 0.0 , Cross-entropy Loss: 3.61541
Training at Epoch 4 iteration 0 with loss 0.27275. Total time 0.15027 hours
Training at Epoch 4 iteration 100 with loss 0.21044. Total time 0.17833 hours
Validation at Epoch 4, AUROC: 0.72300 , AUPRC: 0.20807 , F1: 0.0 , Cross-entropy Loss: 3.53849
Training at Epoch 5 iteration 0 with loss 0.27137. Total time 0.19944 hours
Training at Epoch 5 iteration 100 with loss 0.25072. Total time 0.2275 hours
Validation at Epoch 5, AUROC: 0.73362 , AUPRC: 0.21880 , F1: 0.0 , Cross-entropy Loss: 3.61541
Training at Epoch 6 iteration 0 with loss 0.28486. Total time 0.24861 hours
Training at Epoch 6 iteration 100 with loss 0.31462. Total time 0.27666 hours
Validation at Epoch 6, AUROC: 0.78007 , AUPRC: 0.23634 , F1: 0.0 , Cross-entropy Loss: 3.61541
Training at Epoch 7 iteration 0 with loss 0.32903. Total time 0.2975 hours
Training at Epoch 7 iteration 100 with loss 0.22781. Total time 0.32583 hours
Validation at Epoch 7, AUROC: 0.78277 , AUPRC: 0.24885 , F1: 0.0 , Cross-entropy Loss: 3.61541
Training at Epoch 8 iteration 0 with loss 0.20820. Total time 0.34666 hours
Training at Epoch 8 iteration 100 with loss 0.27434. Total time 0.37472 hours
Validation at Epoch 8, AUROC: 0.80774 , AUPRC: 0.27283 , F1: 0.0 , Cross-entropy Loss: 3.53849
Training at Epoch 9 iteration 0 with loss 0.31085. Total time 0.39583 hours
Training at Epoch 9 iteration 100 with loss 0.26879. Total time 0.42388 hours
Validation at Epoch 9, AUROC: 0.80386 , AUPRC: 0.31008 , F1: 0.0 , Cross-entropy Loss: 3.61541
Training at Epoch 10 iteration 0 with loss 0.22891. Total time 0.445 hours
Training at Epoch 10 iteration 100 with loss 0.22732. Total time 0.51 hours
Validation at Epoch 10, AUROC: 0.83817 , AUPRC: 0.40065 , F1: 0.12 , Cross-entropy Loss: 3.38464
Training at Epoch 11 iteration 0 with loss 0.25049. Total time 0.56972 hours
Training at Epoch 11 iteration 100 with loss 0.27875. Total time 0.64805 hours
Validation at Epoch 11, AUROC: 0.83293 , AUPRC: 0.40416 , F1: 0.18518 , Cross-entropy Loss: 3.38465
Training at Epoch 12 iteration 0 with loss 0.22537. Total time 0.70722 hours
Training at Epoch 12 iteration 100 with loss 0.29065. Total time 0.79222 hours
Validation at Epoch 12, AUROC: 0.82754 , AUPRC: 0.39785 , F1: 0.14814 , Cross-entropy Loss: 3.53850
Training at Epoch 13 iteration 0 with loss 0.22988. Total time 0.855 hours
Training at Epoch 13 iteration 100 with loss 0.23099. Total time 0.9325 hours
Validation at Epoch 13, AUROC: 0.84345 , AUPRC: 0.44227 , F1: 0.3125 , Cross-entropy Loss: 3.38466
Training at Epoch 14 iteration 0 with loss 0.20607. Total time 0.99277 hours
Training at Epoch 14 iteration 100 with loss 0.14712. Total time 1.07333 hours
Validation at Epoch 14, AUROC: 0.84620 , AUPRC: 0.49568 , F1: 0.42857 , Cross-entropy Loss: 3.07696
Training at Epoch 15 iteration 0 with loss 0.23560. Total time 1.12861 hours
Training at Epoch 15 iteration 100 with loss 0.20225. Total time 1.20916 hours
Validation at Epoch 15, AUROC: 0.86357 , AUPRC: 0.57466 , F1: 0.41935 , Cross-entropy Loss: 2.76926
Training at Epoch 16 iteration 0 with loss 0.16585. Total time 1.27194 hours
Training at Epoch 16 iteration 100 with loss 0.20278. Total time 1.355 hours
Validation at Epoch 16, AUROC: 0.84982 , AUPRC: 0.49097 , F1: 0.37500 , Cross-entropy Loss: 3.07696
Training at Epoch 17 iteration 0 with loss 0.19772. Total time 1.41777 hours
Training at Epoch 17 iteration 100 with loss 0.17485. Total time 1.50083 hours
Validation at Epoch 17, AUROC: 0.85861 , AUPRC: 0.52876 , F1: 0.43478 , Cross-entropy Loss: 3.00004
Training at Epoch 18 iteration 0 with loss 0.17712. Total time 1.56333 hours
Training at Epoch 18 iteration 100 with loss 0.16666. Total time 1.64888 hours
Validation at Epoch 18, AUROC: 0.89572 , AUPRC: 0.59221 , F1: 0.42424 , Cross-entropy Loss: 2.92311
Training at Epoch 19 iteration 0 with loss 0.21012. Total time 1.70972 hours
Training at Epoch 19 iteration 100 with loss 0.22179. Total time 1.79472 hours
Validation at Epoch 19, AUROC: 0.87166 , AUPRC: 0.51809 , F1: 0.41176 , Cross-entropy Loss: 3.07696
Training at Epoch 20 iteration 0 with loss 0.18165. Total time 1.85638 hours
Training at Epoch 20 iteration 100 with loss 0.15288. Total time 1.95055 hours
Validation at Epoch 20, AUROC: 0.90684 , AUPRC: 0.65064 , F1: 0.50793 , Cross-entropy Loss: 2.38463
--- Training Finished ---
predicting...
      roc_fpr   roc_tpr  roc_threshold
0    0.000000  0.000000   1.999925e+00
1    0.000000  0.001953   9.999248e-01
2    0.000000  0.085938   9.803161e-01
3    0.000199  0.085938   9.801555e-01
4    0.000199  0.142578   9.570635e-01
..        ...       ...            ...
503  0.589055  0.996094   1.375860e-03
504  0.589055  0.998047   1.370667e-03
505  0.604378  0.998047   1.085689e-03
506  0.604378  1.000000   1.085167e-03
507  1.000000  1.000000   6.242619e-19

[508 rows x 3 columns]
      pr_precision  pr_recall  pr_threshold
0         0.144266   1.000000      0.001085
1         0.144025   0.998047      0.001086
2         0.144065   0.998047      0.001096
3         0.144106   0.998047      0.001101
4         0.144147   0.998047      0.001102
...            ...        ...           ...
3545      1.000000   0.007812      0.999757
3546      1.000000   0.005859      0.999845
3547      1.000000   0.003906      0.999879
3548      1.000000   0.001953      0.999925
3549      1.000000   0.000000           NaN

[3550 rows x 3 columns]
roc_auc: 0.941548
pr_auc: 0.703951
1
Drug Target Interaction Prediction Mode...
in total: 44386 drug-target pairs
encoding drug...
unique drugs: 791
encoding protein...
unique target sequence: 988
splitting dataset...
do not do train/test split on the data for already splitted data
Drug Target Interaction Prediction Mode...
in total: 449 drug-target pairs
encoding drug...
unique drugs: 245
encoding protein...
unique target sequence: 358
splitting dataset...
do not do train/test split on the data for already splitted data
Drug Target Interaction Prediction Mode...
in total: 5534 drug-target pairs
encoding drug...
unique drugs: 218
encoding protein...
unique target sequence: 985
splitting dataset...
do not do train/test split on the data for already splitted data
Let's use 1 GPU!
--- Data Preparation ---
--- Go for Training ---
Training at Epoch 1 iteration 0 with loss 0.69885. Total time 0.00027 hours
Training at Epoch 1 iteration 100 with loss 0.35955. Total time 0.08138 hours
Validation at Epoch 1, AUROC: 0.72456 , AUPRC: 0.26539 , F1: 0.0 , Cross-entropy Loss: 3.53849
Training at Epoch 2 iteration 0 with loss 0.27719. Total time 0.14138 hours
Training at Epoch 2 iteration 100 with loss 0.24372. Total time 0.17027 hours
Validation at Epoch 2, AUROC: 0.76167 , AUPRC: 0.25822 , F1: 0.0 , Cross-entropy Loss: 3.53849
Training at Epoch 3 iteration 0 with loss 0.26374. Total time 0.19166 hours
Training at Epoch 3 iteration 100 with loss 0.31576. Total time 0.21972 hours
Validation at Epoch 3, AUROC: 0.75202 , AUPRC: 0.28415 , F1: 0.0 , Cross-entropy Loss: 3.53849
Training at Epoch 4 iteration 0 with loss 0.28430. Total time 0.24222 hours
Training at Epoch 4 iteration 100 with loss 0.24373. Total time 0.27333 hours
Validation at Epoch 4, AUROC: 0.73718 , AUPRC: 0.27306 , F1: 0.0 , Cross-entropy Loss: 3.53849
Training at Epoch 5 iteration 0 with loss 0.29382. Total time 0.29472 hours
Training at Epoch 5 iteration 100 with loss 0.27384. Total time 0.32277 hours
Validation at Epoch 5, AUROC: 0.76712 , AUPRC: 0.24673 , F1: 0.0 , Cross-entropy Loss: 3.53849
Training at Epoch 6 iteration 0 with loss 0.25069. Total time 0.34388 hours
Training at Epoch 6 iteration 100 with loss 0.29055. Total time 0.37194 hours
Validation at Epoch 6, AUROC: 0.77516 , AUPRC: 0.25535 , F1: 0.0 , Cross-entropy Loss: 3.53849
Training at Epoch 7 iteration 0 with loss 0.21667. Total time 0.39305 hours
Training at Epoch 7 iteration 100 with loss 0.33632. Total time 0.42111 hours
Validation at Epoch 7, AUROC: 0.78287 , AUPRC: 0.28280 , F1: 0.0 , Cross-entropy Loss: 3.61541
Training at Epoch 8 iteration 0 with loss 0.26104. Total time 0.44194 hours
Training at Epoch 8 iteration 100 with loss 0.28475. Total time 0.47 hours
Validation at Epoch 8, AUROC: 0.77764 , AUPRC: 0.25929 , F1: 0.0 , Cross-entropy Loss: 3.69234
Training at Epoch 9 iteration 0 with loss 0.26750. Total time 0.49111 hours
Training at Epoch 9 iteration 100 with loss 0.22616. Total time 0.51916 hours
Validation at Epoch 9, AUROC: 0.77743 , AUPRC: 0.28122 , F1: 0.0 , Cross-entropy Loss: 3.69234
Training at Epoch 10 iteration 0 with loss 0.25850. Total time 0.54027 hours
Training at Epoch 10 iteration 100 with loss 0.22804. Total time 0.56833 hours
Validation at Epoch 10, AUROC: 0.80316 , AUPRC: 0.30979 , F1: 0.04166 , Cross-entropy Loss: 3.53849
Training at Epoch 11 iteration 0 with loss 0.26890. Total time 0.58916 hours
Training at Epoch 11 iteration 100 with loss 0.22232. Total time 0.61722 hours
Validation at Epoch 11, AUROC: 0.79533 , AUPRC: 0.32726 , F1: 0.14814 , Cross-entropy Loss: 3.53850
Training at Epoch 12 iteration 0 with loss 0.22052. Total time 0.63833 hours
Training at Epoch 12 iteration 100 with loss 0.24645. Total time 0.66638 hours
Validation at Epoch 12, AUROC: 0.82587 , AUPRC: 0.42599 , F1: 0.19230 , Cross-entropy Loss: 3.23080
Training at Epoch 13 iteration 0 with loss 0.21936. Total time 0.6875 hours
Training at Epoch 13 iteration 100 with loss 0.21110. Total time 0.71555 hours
Validation at Epoch 13, AUROC: 0.81529 , AUPRC: 0.40266 , F1: 0.23333 , Cross-entropy Loss: 3.53850
Training at Epoch 14 iteration 0 with loss 0.18600. Total time 0.73638 hours
Training at Epoch 14 iteration 100 with loss 0.22942. Total time 0.76444 hours
Validation at Epoch 14, AUROC: 0.81529 , AUPRC: 0.45889 , F1: 0.29629 , Cross-entropy Loss: 2.92310
Training at Epoch 15 iteration 0 with loss 0.27320. Total time 0.78583 hours
Training at Epoch 15 iteration 100 with loss 0.24270. Total time 0.87083 hours
Validation at Epoch 15, AUROC: 0.83725 , AUPRC: 0.51691 , F1: 0.31578 , Cross-entropy Loss: 3.00003
Training at Epoch 16 iteration 0 with loss 0.26221. Total time 0.94138 hours
Training at Epoch 16 iteration 100 with loss 0.22938. Total time 1.03416 hours
Validation at Epoch 16, AUROC: 0.85009 , AUPRC: 0.53711 , F1: 0.44444 , Cross-entropy Loss: 2.69233
Training at Epoch 17 iteration 0 with loss 0.24055. Total time 1.10055 hours
Training at Epoch 17 iteration 100 with loss 0.22463. Total time 1.18888 hours
Validation at Epoch 17, AUROC: 0.86141 , AUPRC: 0.55651 , F1: 0.47058 , Cross-entropy Loss: 2.76926
Training at Epoch 18 iteration 0 with loss 0.19707. Total time 1.25027 hours
Training at Epoch 18 iteration 100 with loss 0.19241. Total time 1.32583 hours
Validation at Epoch 18, AUROC: 0.88321 , AUPRC: 0.61712 , F1: 0.54794 , Cross-entropy Loss: 2.53849
Training at Epoch 19 iteration 0 with loss 0.17251. Total time 1.38 hours
Training at Epoch 19 iteration 100 with loss 0.13430. Total time 1.45944 hours
Validation at Epoch 19, AUROC: 0.88882 , AUPRC: 0.68036 , F1: 0.61111 , Cross-entropy Loss: 2.15387
Training at Epoch 20 iteration 0 with loss 0.16136. Total time 1.52083 hours
Training at Epoch 20 iteration 100 with loss 0.15084. Total time 1.59361 hours
Validation at Epoch 20, AUROC: 0.91628 , AUPRC: 0.75160 , F1: 0.64864 , Cross-entropy Loss: 2.00002
--- Training Finished ---
predicting...
      roc_fpr   roc_tpr  roc_threshold
0    0.000000  0.000000   1.999789e+00
1    0.000000  0.001953   9.997887e-01
2    0.000000  0.140625   9.533286e-01
3    0.000199  0.140625   9.522734e-01
4    0.000199  0.150391   9.420428e-01
..        ...       ...            ...
527  0.728196  0.996094   1.921727e-04
528  0.728196  0.998047   1.920648e-04
529  0.730187  0.998047   1.800743e-04
530  0.730187  1.000000   1.796987e-04
531  1.000000  1.000000   7.739039e-12

[532 rows x 3 columns]
      pr_precision  pr_recall  pr_threshold
0         0.122517   1.000000      0.000180
1         0.122307   0.998047      0.000180
2         0.122337   0.998047      0.000180
3         0.122366   0.998047      0.000180
4         0.122395   0.998047      0.000181
...            ...        ...           ...
4175      1.000000   0.007812      0.999497
4176      1.000000   0.005859      0.999542
4177      1.000000   0.003906      0.999669
4178      1.000000   0.001953      0.999789
4179      1.000000   0.000000           NaN

[4180 rows x 3 columns]
roc_auc: 0.935872
pr_auc: 0.685426
2
Drug Target Interaction Prediction Mode...
in total: 44513 drug-target pairs
encoding drug...
unique drugs: 791
encoding protein...
unique target sequence: 988
splitting dataset...
do not do train/test split on the data for already splitted data
Drug Target Interaction Prediction Mode...
in total: 450 drug-target pairs
encoding drug...
unique drugs: 240
encoding protein...
unique target sequence: 355
splitting dataset...
do not do train/test split on the data for already splitted data
Drug Target Interaction Prediction Mode...
in total: 5534 drug-target pairs
encoding drug...
unique drugs: 216
encoding protein...
unique target sequence: 983
splitting dataset...
do not do train/test split on the data for already splitted data
Let's use 1 GPU!
--- Data Preparation ---
--- Go for Training ---
Training at Epoch 1 iteration 0 with loss 0.68437. Total time 0.00027 hours
Training at Epoch 1 iteration 100 with loss 0.33832. Total time 0.0925 hours
Validation at Epoch 1, AUROC: 0.70996 , AUPRC: 0.30784 , F1: 0.0 , Cross-entropy Loss: 3.53063
Training at Epoch 2 iteration 0 with loss 0.32049. Total time 0.16194 hours
Training at Epoch 2 iteration 100 with loss 0.23346. Total time 0.24027 hours
Validation at Epoch 2, AUROC: 0.73358 , AUPRC: 0.32177 , F1: 0.0 , Cross-entropy Loss: 3.53063
Training at Epoch 3 iteration 0 with loss 0.30444. Total time 0.30694 hours
Training at Epoch 3 iteration 100 with loss 0.36742. Total time 0.39527 hours
Validation at Epoch 3, AUROC: 0.74321 , AUPRC: 0.30638 , F1: 0.0 , Cross-entropy Loss: 3.53063
Training at Epoch 4 iteration 0 with loss 0.20034. Total time 0.45916 hours
Training at Epoch 4 iteration 100 with loss 0.25340. Total time 0.53861 hours
Validation at Epoch 4, AUROC: 0.75043 , AUPRC: 0.38176 , F1: 0.04255 , Cross-entropy Loss: 3.45387
Training at Epoch 5 iteration 0 with loss 0.31094. Total time 0.59888 hours
Training at Epoch 5 iteration 100 with loss 0.31816. Total time 0.68472 hours
Validation at Epoch 5, AUROC: 0.77281 , AUPRC: 0.38177 , F1: 0.04255 , Cross-entropy Loss: 3.45387
Training at Epoch 6 iteration 0 with loss 0.25222. Total time 0.74916 hours
Training at Epoch 6 iteration 100 with loss 0.35710. Total time 0.83333 hours
Validation at Epoch 6, AUROC: 0.79428 , AUPRC: 0.36240 , F1: 0.04255 , Cross-entropy Loss: 3.45387
Training at Epoch 7 iteration 0 with loss 0.24647. Total time 0.885 hours
Training at Epoch 7 iteration 100 with loss 0.31836. Total time 0.98888 hours
Validation at Epoch 7, AUROC: 0.77862 , AUPRC: 0.36876 , F1: 0.08333 , Cross-entropy Loss: 3.37712
Training at Epoch 8 iteration 0 with loss 0.20142. Total time 1.07222 hours
Training at Epoch 8 iteration 100 with loss 0.27016. Total time 1.15805 hours
Validation at Epoch 8, AUROC: 0.79294 , AUPRC: 0.36502 , F1: 0.0 , Cross-entropy Loss: 3.53063
Training at Epoch 9 iteration 0 with loss 0.26325. Total time 1.2175 hours
Training at Epoch 9 iteration 100 with loss 0.26244. Total time 1.28388 hours
Validation at Epoch 9, AUROC: 0.79982 , AUPRC: 0.39923 , F1: 0.04255 , Cross-entropy Loss: 3.45387
Training at Epoch 10 iteration 0 with loss 0.28848. Total time 1.31138 hours
Training at Epoch 10 iteration 100 with loss 0.33047. Total time 1.34805 hours
Validation at Epoch 10, AUROC: 0.79950 , AUPRC: 0.41273 , F1: 0.08333 , Cross-entropy Loss: 3.37712
Training at Epoch 11 iteration 0 with loss 0.25153. Total time 1.37583 hours
Training at Epoch 11 iteration 100 with loss 0.23661. Total time 1.41194 hours
Validation at Epoch 11, AUROC: 0.80929 , AUPRC: 0.42434 , F1: 0.08333 , Cross-entropy Loss: 3.37712
Training at Epoch 12 iteration 0 with loss 0.29054. Total time 1.44083 hours
Training at Epoch 12 iteration 100 with loss 0.26565. Total time 1.47666 hours
Validation at Epoch 12, AUROC: 0.81903 , AUPRC: 0.42632 , F1: 0.12244 , Cross-entropy Loss: 3.30037
Training at Epoch 13 iteration 0 with loss 0.24448. Total time 1.50361 hours
Training at Epoch 13 iteration 100 with loss 0.23038. Total time 1.54527 hours
Validation at Epoch 13, AUROC: 0.81828 , AUPRC: 0.45333 , F1: 0.12244 , Cross-entropy Loss: 3.30037
Training at Epoch 14 iteration 0 with loss 0.24878. Total time 1.5725 hours
Training at Epoch 14 iteration 100 with loss 0.26381. Total time 1.60083 hours
Validation at Epoch 14, AUROC: 0.84271 , AUPRC: 0.56925 , F1: 0.38596 , Cross-entropy Loss: 2.68634
Training at Epoch 15 iteration 0 with loss 0.22866. Total time 1.62222 hours
Training at Epoch 15 iteration 100 with loss 0.17696. Total time 1.65083 hours
Validation at Epoch 15, AUROC: 0.83243 , AUPRC: 0.52513 , F1: 0.29629 , Cross-entropy Loss: 2.91660
Training at Epoch 16 iteration 0 with loss 0.19528. Total time 1.6725 hours
Training at Epoch 16 iteration 100 with loss 0.16638. Total time 1.70111 hours
Validation at Epoch 16, AUROC: 0.84637 , AUPRC: 0.57306 , F1: 0.39344 , Cross-entropy Loss: 2.83986
Training at Epoch 17 iteration 0 with loss 0.18806. Total time 1.74111 hours
Training at Epoch 17 iteration 100 with loss 0.17587. Total time 1.78638 hours
Validation at Epoch 17, AUROC: 0.85352 , AUPRC: 0.56884 , F1: 0.39344 , Cross-entropy Loss: 2.83986
Training at Epoch 18 iteration 0 with loss 0.21345. Total time 1.8125 hours
Training at Epoch 18 iteration 100 with loss 0.24540. Total time 1.84777 hours
Validation at Epoch 18, AUROC: 0.85826 , AUPRC: 0.57171 , F1: 0.41935 , Cross-entropy Loss: 2.76310
Training at Epoch 19 iteration 0 with loss 0.17002. Total time 1.87361 hours
Training at Epoch 19 iteration 100 with loss 0.19743. Total time 1.90833 hours
Validation at Epoch 19, AUROC: 0.85557 , AUPRC: 0.55851 , F1: 0.41269 , Cross-entropy Loss: 2.83986
Training at Epoch 20 iteration 0 with loss 0.16229. Total time 1.93361 hours
Training at Epoch 20 iteration 100 with loss 0.24117. Total time 1.96777 hours
Validation at Epoch 20, AUROC: 0.84136 , AUPRC: 0.49387 , F1: 0.33333 , Cross-entropy Loss: 3.07012
--- Training Finished ---
predicting...
      roc_fpr   roc_tpr  roc_threshold
0    0.000000  0.000000   1.996812e+00
1    0.000000  0.001953   9.968118e-01
2    0.000000  0.136719   8.353938e-01
3    0.000199  0.136719   8.310558e-01
4    0.000199  0.158203   8.091572e-01
..        ...       ...            ...
613  0.723218  0.996094   1.642222e-04
614  0.723218  0.998047   1.640933e-04
615  0.763839  0.998047   7.120996e-05
616  0.763839  1.000000   7.119149e-05
617  1.000000  1.000000   1.284593e-12

[618 rows x 3 columns]
      pr_precision  pr_recall  pr_threshold
0         0.117755   1.000000      0.000071
1         0.117552   0.998047      0.000071
2         0.117579   0.998047      0.000071
3         0.117606   0.998047      0.000072
4         0.117634   0.998047      0.000072
...            ...        ...           ...
4343      1.000000   0.007812      0.987623
4344      1.000000   0.005859      0.992805
4345      1.000000   0.003906      0.995965
4346      1.000000   0.001953      0.996812
4347      1.000000   0.000000           NaN

[4348 rows x 3 columns]
roc_auc: 0.905678
pr_auc: 0.601283
3
Drug Target Interaction Prediction Mode...
in total: 44393 drug-target pairs
encoding drug...
unique drugs: 791
encoding protein...
unique target sequence: 988
splitting dataset...
do not do train/test split on the data for already splitted data
Drug Target Interaction Prediction Mode...
in total: 449 drug-target pairs
encoding drug...
unique drugs: 237
encoding protein...
unique target sequence: 371
splitting dataset...
do not do train/test split on the data for already splitted data
Drug Target Interaction Prediction Mode...
in total: 5555 drug-target pairs
encoding drug...
unique drugs: 236
encoding protein...
unique target sequence: 987
splitting dataset...
do not do train/test split on the data for already splitted data
Let's use 1 GPU!
--- Data Preparation ---
--- Go for Training ---
Training at Epoch 1 iteration 0 with loss 0.70006. Total time 0.00055 hours
Training at Epoch 1 iteration 100 with loss 0.29095. Total time 0.07805 hours
Validation at Epoch 1, AUROC: 0.73837 , AUPRC: 0.22221 , F1: 0.0 , Cross-entropy Loss: 3.53849
Training at Epoch 2 iteration 0 with loss 0.24267. Total time 0.13861 hours
Training at Epoch 2 iteration 100 with loss 0.27028. Total time 0.22111 hours
Validation at Epoch 2, AUROC: 0.72381 , AUPRC: 0.23524 , F1: 0.0 , Cross-entropy Loss: 3.53849
Training at Epoch 3 iteration 0 with loss 0.33725. Total time 0.25333 hours
Training at Epoch 3 iteration 100 with loss 0.22764. Total time 0.29638 hours
Validation at Epoch 3, AUROC: 0.73610 , AUPRC: 0.23791 , F1: 0.0 , Cross-entropy Loss: 3.53849
Training at Epoch 4 iteration 0 with loss 0.32348. Total time 0.35972 hours
Training at Epoch 4 iteration 100 with loss 0.27694. Total time 0.44083 hours
Validation at Epoch 4, AUROC: 0.74053 , AUPRC: 0.25461 , F1: 0.0 , Cross-entropy Loss: 3.53849
Training at Epoch 5 iteration 0 with loss 0.31974. Total time 0.50222 hours
Training at Epoch 5 iteration 100 with loss 0.24641. Total time 0.57527 hours
Validation at Epoch 5, AUROC: 0.78487 , AUPRC: 0.27422 , F1: 0.0 , Cross-entropy Loss: 3.53849
Training at Epoch 6 iteration 0 with loss 0.25055. Total time 0.62777 hours
Training at Epoch 6 iteration 100 with loss 0.32795. Total time 0.71888 hours
Validation at Epoch 6, AUROC: 0.79204 , AUPRC: 0.27287 , F1: 0.0 , Cross-entropy Loss: 3.53849
Training at Epoch 7 iteration 0 with loss 0.30277. Total time 0.77583 hours
Training at Epoch 7 iteration 100 with loss 0.36102. Total time 0.85638 hours
Validation at Epoch 7, AUROC: 0.83191 , AUPRC: 0.31186 , F1: 0.0 , Cross-entropy Loss: 3.53849
Training at Epoch 8 iteration 0 with loss 0.36662. Total time 0.91472 hours
Training at Epoch 8 iteration 100 with loss 0.32968. Total time 0.99333 hours
Validation at Epoch 8, AUROC: 0.83326 , AUPRC: 0.29680 , F1: 0.0 , Cross-entropy Loss: 3.53849
Training at Epoch 9 iteration 0 with loss 0.27878. Total time 1.05416 hours
Training at Epoch 9 iteration 100 with loss 0.27972. Total time 1.13722 hours
Validation at Epoch 9, AUROC: 0.84836 , AUPRC: 0.35164 , F1: 0.0 , Cross-entropy Loss: 3.53849
Training at Epoch 10 iteration 0 with loss 0.24689. Total time 1.19972 hours
Training at Epoch 10 iteration 100 with loss 0.29997. Total time 1.28027 hours
Validation at Epoch 10, AUROC: 0.85073 , AUPRC: 0.38562 , F1: 0.0 , Cross-entropy Loss: 3.53849
Training at Epoch 11 iteration 0 with loss 0.22344. Total time 1.33666 hours
Training at Epoch 11 iteration 100 with loss 0.29097. Total time 1.41138 hours
Validation at Epoch 11, AUROC: 0.84011 , AUPRC: 0.40457 , F1: 0.31578 , Cross-entropy Loss: 3.00003
Training at Epoch 12 iteration 0 with loss 0.24588. Total time 1.46166 hours
Training at Epoch 12 iteration 100 with loss 0.19622. Total time 1.49 hours
Validation at Epoch 12, AUROC: 0.86800 , AUPRC: 0.47599 , F1: 0.32786 , Cross-entropy Loss: 3.15388
Training at Epoch 13 iteration 0 with loss 0.20227. Total time 1.51111 hours
Training at Epoch 13 iteration 100 with loss 0.19587. Total time 1.53916 hours
Validation at Epoch 13, AUROC: 0.88731 , AUPRC: 0.52141 , F1: 0.43750 , Cross-entropy Loss: 2.76926
Training at Epoch 14 iteration 0 with loss 0.18239. Total time 1.56027 hours
Training at Epoch 14 iteration 100 with loss 0.23289. Total time 1.58833 hours
Validation at Epoch 14, AUROC: 0.86109 , AUPRC: 0.51189 , F1: 0.45454 , Cross-entropy Loss: 2.76926
Training at Epoch 15 iteration 0 with loss 0.20908. Total time 1.60944 hours
Training at Epoch 15 iteration 100 with loss 0.31306. Total time 1.6375 hours
Validation at Epoch 15, AUROC: 0.90624 , AUPRC: 0.62019 , F1: 0.52173 , Cross-entropy Loss: 2.53849
Training at Epoch 16 iteration 0 with loss 0.16429. Total time 1.65861 hours
Training at Epoch 16 iteration 100 with loss 0.20613. Total time 1.68666 hours
Validation at Epoch 16, AUROC: 0.89664 , AUPRC: 0.57781 , F1: 0.49275 , Cross-entropy Loss: 2.69234
Training at Epoch 17 iteration 0 with loss 0.18766. Total time 1.7075 hours
Training at Epoch 17 iteration 100 with loss 0.23881. Total time 1.73555 hours
Validation at Epoch 17, AUROC: 0.91137 , AUPRC: 0.62779 , F1: 0.53846 , Cross-entropy Loss: 2.76927
Training at Epoch 18 iteration 0 with loss 0.20895. Total time 1.75666 hours
Training at Epoch 18 iteration 100 with loss 0.21340. Total time 1.78472 hours
Validation at Epoch 18, AUROC: 0.91439 , AUPRC: 0.66916 , F1: 0.58227 , Cross-entropy Loss: 2.53850
Training at Epoch 19 iteration 0 with loss 0.18649. Total time 1.80583 hours
Training at Epoch 19 iteration 100 with loss 0.16556. Total time 1.83388 hours
Validation at Epoch 19, AUROC: 0.92307 , AUPRC: 0.66026 , F1: 0.61538 , Cross-entropy Loss: 2.30772
Training at Epoch 20 iteration 0 with loss 0.19814. Total time 1.85472 hours
Training at Epoch 20 iteration 100 with loss 0.13138. Total time 1.88277 hours
Validation at Epoch 20, AUROC: 0.91757 , AUPRC: 0.70866 , F1: 0.65753 , Cross-entropy Loss: 1.92309
--- Training Finished ---
predicting...
      roc_fpr   roc_tpr  roc_threshold
0    0.000000  0.000000   1.999789e+00
1    0.000000  0.001953   9.997893e-01
2    0.000000  0.101562   9.704837e-01
3    0.000198  0.101562   9.700724e-01
4    0.000198  0.134766   9.560779e-01
..        ...       ...            ...
547  0.589728  0.996094   2.675981e-04
548  0.589728  0.998047   2.673989e-04
549  0.635138  0.998047   1.240263e-04
550  0.635138  1.000000   1.229864e-04
551  1.000000  1.000000   2.108241e-14

[552 rows x 3 columns]
      pr_precision  pr_recall  pr_threshold
0         0.137820   1.000000      0.000123
1         0.137588   0.998047      0.000124
2         0.137625   0.998047      0.000124
3         0.137662   0.998047      0.000125
4         0.137699   0.998047      0.000125
...            ...        ...           ...
3711      1.000000   0.007812      0.999314
3712      1.000000   0.005859      0.999497
3713      1.000000   0.003906      0.999666
3714      1.000000   0.001953      0.999789
3715      1.000000   0.000000           NaN

[3716 rows x 3 columns]
roc_auc: 0.942456
pr_auc: 0.696066
4
Drug Target Interaction Prediction Mode...
in total: 44487 drug-target pairs
encoding drug...
unique drugs: 791
encoding protein...
unique target sequence: 988
splitting dataset...
do not do train/test split on the data for already splitted data
Drug Target Interaction Prediction Mode...
in total: 450 drug-target pairs
encoding drug...
unique drugs: 233
encoding protein...
unique target sequence: 351
splitting dataset...
do not do train/test split on the data for already splitted data
Drug Target Interaction Prediction Mode...
in total: 5545 drug-target pairs
encoding drug...
unique drugs: 217
encoding protein...
unique target sequence: 982
splitting dataset...
do not do train/test split on the data for already splitted data
Let's use 1 GPU!
--- Data Preparation ---
--- Go for Training ---
Training at Epoch 1 iteration 0 with loss 0.69948. Total time 0.0 hours
Training at Epoch 1 iteration 100 with loss 0.37650. Total time 0.02805 hours
Validation at Epoch 1, AUROC: 0.74052 , AUPRC: 0.28443 , F1: 0.0 , Cross-entropy Loss: 3.53063
Training at Epoch 2 iteration 0 with loss 0.32032. Total time 0.04888 hours
Training at Epoch 2 iteration 100 with loss 0.25176. Total time 0.07666 hours
Validation at Epoch 2, AUROC: 0.73407 , AUPRC: 0.29115 , F1: 0.0 , Cross-entropy Loss: 3.53063
Training at Epoch 3 iteration 0 with loss 0.32116. Total time 0.09777 hours
Training at Epoch 3 iteration 100 with loss 0.29651. Total time 0.12555 hours
Validation at Epoch 3, AUROC: 0.74886 , AUPRC: 0.26499 , F1: 0.0 , Cross-entropy Loss: 3.53063
Training at Epoch 4 iteration 0 with loss 0.33657. Total time 0.14638 hours
Training at Epoch 4 iteration 100 with loss 0.29628. Total time 0.17444 hours
Validation at Epoch 4, AUROC: 0.76291 , AUPRC: 0.29175 , F1: 0.0 , Cross-entropy Loss: 3.53063
Training at Epoch 5 iteration 0 with loss 0.28444. Total time 0.19527 hours
Training at Epoch 5 iteration 100 with loss 0.26007. Total time 0.22333 hours
Validation at Epoch 5, AUROC: 0.75968 , AUPRC: 0.31284 , F1: 0.0 , Cross-entropy Loss: 3.53063
Training at Epoch 6 iteration 0 with loss 0.25555. Total time 0.24416 hours
Training at Epoch 6 iteration 100 with loss 0.32704. Total time 0.27194 hours
Validation at Epoch 6, AUROC: 0.78583 , AUPRC: 0.32540 , F1: 0.0 , Cross-entropy Loss: 3.53063
Training at Epoch 7 iteration 0 with loss 0.21844. Total time 0.29305 hours
Training at Epoch 7 iteration 100 with loss 0.23270. Total time 0.32083 hours
Validation at Epoch 7, AUROC: 0.81349 , AUPRC: 0.35752 , F1: 0.0 , Cross-entropy Loss: 3.53063
Training at Epoch 8 iteration 0 with loss 0.30604. Total time 0.34166 hours
Training at Epoch 8 iteration 100 with loss 0.29661. Total time 0.36972 hours
Validation at Epoch 8, AUROC: 0.83152 , AUPRC: 0.37008 , F1: 0.0 , Cross-entropy Loss: 3.53063
Training at Epoch 9 iteration 0 with loss 0.26782. Total time 0.39055 hours
Training at Epoch 9 iteration 100 with loss 0.25154. Total time 0.41833 hours
Validation at Epoch 9, AUROC: 0.83092 , AUPRC: 0.38812 , F1: 0.0 , Cross-entropy Loss: 3.53063
Training at Epoch 10 iteration 0 with loss 0.30259. Total time 0.43944 hours
Training at Epoch 10 iteration 100 with loss 0.24762. Total time 0.46722 hours
Validation at Epoch 10, AUROC: 0.83953 , AUPRC: 0.38681 , F1: 0.04166 , Cross-entropy Loss: 3.53063
Training at Epoch 11 iteration 0 with loss 0.29357. Total time 0.48805 hours
Training at Epoch 11 iteration 100 with loss 0.25113. Total time 0.51611 hours
Validation at Epoch 11, AUROC: 0.84707 , AUPRC: 0.39071 , F1: 0.08 , Cross-entropy Loss: 3.53063
Training at Epoch 12 iteration 0 with loss 0.21238. Total time 0.53694 hours
Training at Epoch 12 iteration 100 with loss 0.21034. Total time 0.56472 hours
Validation at Epoch 12, AUROC: 0.86418 , AUPRC: 0.47915 , F1: 0.04255 , Cross-entropy Loss: 3.45387
Training at Epoch 13 iteration 0 with loss 0.24328. Total time 0.58583 hours
Training at Epoch 13 iteration 100 with loss 0.21454. Total time 0.61361 hours
Validation at Epoch 13, AUROC: 0.89372 , AUPRC: 0.53424 , F1: 0.15686 , Cross-entropy Loss: 3.30037
Training at Epoch 14 iteration 0 with loss 0.23382. Total time 0.63472 hours
Training at Epoch 14 iteration 100 with loss 0.23043. Total time 0.6625 hours
Validation at Epoch 14, AUROC: 0.88269 , AUPRC: 0.52507 , F1: 0.34920 , Cross-entropy Loss: 3.14687
Training at Epoch 15 iteration 0 with loss 0.26357. Total time 0.68333 hours
Training at Epoch 15 iteration 100 with loss 0.24605. Total time 0.71138 hours
Validation at Epoch 15, AUROC: 0.88979 , AUPRC: 0.60557 , F1: 0.42622 , Cross-entropy Loss: 2.68635
Training at Epoch 16 iteration 0 with loss 0.24640. Total time 0.73222 hours
Training at Epoch 16 iteration 100 with loss 0.23894. Total time 0.76 hours
Validation at Epoch 16, AUROC: 0.90739 , AUPRC: 0.58774 , F1: 0.44776 , Cross-entropy Loss: 2.83986
Training at Epoch 17 iteration 0 with loss 0.28667. Total time 0.78111 hours
Training at Epoch 17 iteration 100 with loss 0.21124. Total time 0.80888 hours
Validation at Epoch 17, AUROC: 0.91159 , AUPRC: 0.61932 , F1: 0.50746 , Cross-entropy Loss: 2.53285
Training at Epoch 18 iteration 0 with loss 0.19646. Total time 0.82972 hours
Training at Epoch 18 iteration 100 with loss 0.19963. Total time 0.85777 hours
Validation at Epoch 18, AUROC: 0.92784 , AUPRC: 0.67326 , F1: 0.5 , Cross-entropy Loss: 2.76311
Training at Epoch 19 iteration 0 with loss 0.20192. Total time 0.87861 hours
Training at Epoch 19 iteration 100 with loss 0.19742. Total time 0.90638 hours
Validation at Epoch 19, AUROC: 0.93203 , AUPRC: 0.68568 , F1: 0.56756 , Cross-entropy Loss: 2.45610
Training at Epoch 20 iteration 0 with loss 0.17166. Total time 0.9275 hours
Training at Epoch 20 iteration 100 with loss 0.27002. Total time 0.95527 hours
Validation at Epoch 20, AUROC: 0.93354 , AUPRC: 0.71882 , F1: 0.60526 , Cross-entropy Loss: 2.30259
--- Training Finished ---
predicting...
      roc_fpr   roc_tpr  roc_threshold
0    0.000000  0.000000   1.999818e+00
1    0.000000  0.001953   9.998180e-01
2    0.000000  0.046875   9.932556e-01
3    0.000199  0.046875   9.931508e-01
4    0.000199  0.148438   9.345283e-01
..        ...       ...            ...
559  0.649513  0.996094   1.830394e-03
560  0.649513  0.998047   1.821815e-03
561  0.781045  0.998047   2.039664e-04
562  0.781045  1.000000   2.029575e-04
563  1.000000  1.000000   1.893205e-15

[564 rows x 3 columns]
      pr_precision  pr_recall  pr_threshold
0         0.115237   1.000000      0.000203
1         0.115038   0.998047      0.000204
2         0.115064   0.998047      0.000206
3         0.115090   0.998047      0.000206
4         0.115116   0.998047      0.000207
...            ...        ...           ...
4438      1.000000   0.007812      0.999631
4439      1.000000   0.005859      0.999741
4440      1.000000   0.003906      0.999812
4441      1.000000   0.001953      0.999818
4442      1.000000   0.000000           NaN

[4443 rows x 3 columns]
roc_auc: 0.920166
pr_auc: 0.646440
5
Drug Target Interaction Prediction Mode...
in total: 44364 drug-target pairs
encoding drug...
unique drugs: 791
encoding protein...
unique target sequence: 988
splitting dataset...
do not do train/test split on the data for already splitted data
Drug Target Interaction Prediction Mode...
in total: 449 drug-target pairs
encoding drug...
unique drugs: 233
encoding protein...
unique target sequence: 362
splitting dataset...
do not do train/test split on the data for already splitted data
Drug Target Interaction Prediction Mode...
in total: 5557 drug-target pairs
encoding drug...
unique drugs: 236
encoding protein...
unique target sequence: 982
splitting dataset...
do not do train/test split on the data for already splitted data
Let's use 1 GPU!
--- Data Preparation ---
--- Go for Training ---
Training at Epoch 1 iteration 0 with loss 0.69779. Total time 0.0 hours
Training at Epoch 1 iteration 100 with loss 0.35516. Total time 0.02805 hours
Validation at Epoch 1, AUROC: 0.70066 , AUPRC: 0.22166 , F1: 0.0 , Cross-entropy Loss: 3.53849
Training at Epoch 2 iteration 0 with loss 0.33559. Total time 0.04888 hours
Training at Epoch 2 iteration 100 with loss 0.36871. Total time 0.07666 hours
Validation at Epoch 2, AUROC: 0.73718 , AUPRC: 0.27095 , F1: 0.0 , Cross-entropy Loss: 3.53849
Training at Epoch 3 iteration 0 with loss 0.23080. Total time 0.0975 hours
Training at Epoch 3 iteration 100 with loss 0.31995. Total time 0.12527 hours
Validation at Epoch 3, AUROC: 0.70929 , AUPRC: 0.23126 , F1: 0.0 , Cross-entropy Loss: 3.53849
Training at Epoch 4 iteration 0 with loss 0.29079. Total time 0.14638 hours
Training at Epoch 4 iteration 100 with loss 0.32508. Total time 0.17416 hours
Validation at Epoch 4, AUROC: 0.73751 , AUPRC: 0.27980 , F1: 0.0 , Cross-entropy Loss: 3.53849
Training at Epoch 5 iteration 0 with loss 0.28867. Total time 0.195 hours
Training at Epoch 5 iteration 100 with loss 0.26113. Total time 0.22277 hours
Validation at Epoch 5, AUROC: 0.75865 , AUPRC: 0.26865 , F1: 0.0 , Cross-entropy Loss: 3.53849
Training at Epoch 6 iteration 0 with loss 0.31355. Total time 0.24361 hours
Training at Epoch 6 iteration 100 with loss 0.29242. Total time 0.27166 hours
Validation at Epoch 6, AUROC: 0.79501 , AUPRC: 0.29997 , F1: 0.0 , Cross-entropy Loss: 3.53849
Training at Epoch 7 iteration 0 with loss 0.31732. Total time 0.2925 hours
Training at Epoch 7 iteration 100 with loss 0.28529. Total time 0.32027 hours
Validation at Epoch 7, AUROC: 0.80165 , AUPRC: 0.29285 , F1: 0.04255 , Cross-entropy Loss: 3.46157
Training at Epoch 8 iteration 0 with loss 0.28167. Total time 0.34111 hours
Training at Epoch 8 iteration 100 with loss 0.32324. Total time 0.36916 hours
Validation at Epoch 8, AUROC: 0.79253 , AUPRC: 0.28576 , F1: 0.0 , Cross-entropy Loss: 3.53849
Training at Epoch 9 iteration 0 with loss 0.21929. Total time 0.39 hours
Training at Epoch 9 iteration 100 with loss 0.21337. Total time 0.41777 hours
Validation at Epoch 9, AUROC: 0.80958 , AUPRC: 0.30582 , F1: 0.0 , Cross-entropy Loss: 3.61541
Training at Epoch 10 iteration 0 with loss 0.24807. Total time 0.43861 hours
Training at Epoch 10 iteration 100 with loss 0.25518. Total time 0.46638 hours
Validation at Epoch 10, AUROC: 0.83450 , AUPRC: 0.32701 , F1: 0.0 , Cross-entropy Loss: 3.53849
Training at Epoch 11 iteration 0 with loss 0.22038. Total time 0.48722 hours
Training at Epoch 11 iteration 100 with loss 0.27633. Total time 0.51527 hours
Validation at Epoch 11, AUROC: 0.81745 , AUPRC: 0.28659 , F1: 0.0 , Cross-entropy Loss: 3.69234
Training at Epoch 12 iteration 0 with loss 0.22173. Total time 0.53611 hours
Training at Epoch 12 iteration 100 with loss 0.27381. Total time 0.56388 hours
Validation at Epoch 12, AUROC: 0.85165 , AUPRC: 0.35430 , F1: 0.07692 , Cross-entropy Loss: 3.69234
Training at Epoch 13 iteration 0 with loss 0.30770. Total time 0.58472 hours
Training at Epoch 13 iteration 100 with loss 0.28767. Total time 0.6125 hours
Validation at Epoch 13, AUROC: 0.85996 , AUPRC: 0.37380 , F1: 0.18181 , Cross-entropy Loss: 3.46157
Training at Epoch 14 iteration 0 with loss 0.19653. Total time 0.63333 hours
Training at Epoch 14 iteration 100 with loss 0.25411. Total time 0.66138 hours
Validation at Epoch 14, AUROC: 0.84901 , AUPRC: 0.36462 , F1: 0.18518 , Cross-entropy Loss: 3.38465
Training at Epoch 15 iteration 0 with loss 0.24238. Total time 0.68222 hours
Training at Epoch 15 iteration 100 with loss 0.21494. Total time 0.71 hours
Validation at Epoch 15, AUROC: 0.86017 , AUPRC: 0.44782 , F1: 0.4 , Cross-entropy Loss: 3.46159
Training at Epoch 16 iteration 0 with loss 0.20403. Total time 0.73083 hours
Training at Epoch 16 iteration 100 with loss 0.24833. Total time 0.75861 hours
Validation at Epoch 16, AUROC: 0.87992 , AUPRC: 0.40638 , F1: 0.15094 , Cross-entropy Loss: 3.46157
Training at Epoch 17 iteration 0 with loss 0.25414. Total time 0.77944 hours
Training at Epoch 17 iteration 100 with loss 0.21836. Total time 0.8075 hours
Validation at Epoch 17, AUROC: 0.89017 , AUPRC: 0.52414 , F1: 0.33846 , Cross-entropy Loss: 3.30773
Training at Epoch 18 iteration 0 with loss 0.20376. Total time 0.82833 hours
Training at Epoch 18 iteration 100 with loss 0.21107. Total time 0.85611 hours
Validation at Epoch 18, AUROC: 0.89799 , AUPRC: 0.50932 , F1: 0.35294 , Cross-entropy Loss: 3.38466
Training at Epoch 19 iteration 0 with loss 0.17150. Total time 0.87694 hours
Training at Epoch 19 iteration 100 with loss 0.20881. Total time 0.90472 hours
Validation at Epoch 19, AUROC: 0.92550 , AUPRC: 0.58934 , F1: 0.37142 , Cross-entropy Loss: 3.38466
Training at Epoch 20 iteration 0 with loss 0.16497. Total time 0.92583 hours
Training at Epoch 20 iteration 100 with loss 0.15484. Total time 0.95361 hours
Validation at Epoch 20, AUROC: 0.91719 , AUPRC: 0.60353 , F1: 0.44117 , Cross-entropy Loss: 2.92311
--- Training Finished ---
predicting...
      roc_fpr   roc_tpr  roc_threshold
0    0.000000  0.000000   1.999247e+00
1    0.000000  0.001953   9.992474e-01
2    0.000000  0.037109   9.828524e-01
3    0.000198  0.037109   9.807531e-01
4    0.000198  0.052734   9.574210e-01
..        ...       ...            ...
611  0.709019  0.996094   9.540307e-04
612  0.709019  0.998047   9.537402e-04
613  0.862042  0.998047   4.160947e-05
614  0.862042  1.000000   4.107111e-05
615  1.000000  1.000000   6.868434e-13

[616 rows x 3 columns]
      pr_precision  pr_recall  pr_threshold
0         0.105328   1.000000      0.000041
1         0.105144   0.998047      0.000042
2         0.105166   0.998047      0.000042
3         0.105187   0.998047      0.000042
4         0.105209   0.998047      0.000042
...            ...        ...           ...
4857      1.000000   0.007812      0.998462
4858      1.000000   0.005859      0.998802
4859      1.000000   0.003906      0.999196
4860      1.000000   0.001953      0.999247
4861      1.000000   0.000000           NaN

[4862 rows x 3 columns]
roc_auc: 0.919009
pr_auc: 0.609551
6
Drug Target Interaction Prediction Mode...
in total: 44336 drug-target pairs
encoding drug...
unique drugs: 791
encoding protein...
unique target sequence: 988
splitting dataset...
do not do train/test split on the data for already splitted data
Drug Target Interaction Prediction Mode...
in total: 448 drug-target pairs
encoding drug...
unique drugs: 250
encoding protein...
unique target sequence: 354
splitting dataset...
do not do train/test split on the data for already splitted data
Drug Target Interaction Prediction Mode...
in total: 5526 drug-target pairs
encoding drug...
unique drugs: 219
encoding protein...
unique target sequence: 984
splitting dataset...
do not do train/test split on the data for already splitted data
Let's use 1 GPU!
--- Data Preparation ---
--- Go for Training ---
Training at Epoch 1 iteration 0 with loss 0.70483. Total time 0.0 hours
Training at Epoch 1 iteration 100 with loss 0.46783. Total time 0.02805 hours
Validation at Epoch 1, AUROC: 0.69083 , AUPRC: 0.22509 , F1: 0.0 , Cross-entropy Loss: 3.54639
Training at Epoch 2 iteration 0 with loss 0.33230. Total time 0.04888 hours
Training at Epoch 2 iteration 100 with loss 0.33819. Total time 0.07666 hours
Validation at Epoch 2, AUROC: 0.70516 , AUPRC: 0.25048 , F1: 0.0 , Cross-entropy Loss: 3.54639
Training at Epoch 3 iteration 0 with loss 0.27713. Total time 0.0975 hours
Training at Epoch 3 iteration 100 with loss 0.31940. Total time 0.12527 hours
Validation at Epoch 3, AUROC: 0.71133 , AUPRC: 0.27028 , F1: 0.04081 , Cross-entropy Loss: 3.62349
Training at Epoch 4 iteration 0 with loss 0.26993. Total time 0.14611 hours
Training at Epoch 4 iteration 100 with loss 0.30157. Total time 0.17416 hours
Validation at Epoch 4, AUROC: 0.74042 , AUPRC: 0.27140 , F1: 0.0 , Cross-entropy Loss: 3.54639
Training at Epoch 5 iteration 0 with loss 0.26160. Total time 0.195 hours
Training at Epoch 5 iteration 100 with loss 0.25332. Total time 0.22277 hours
Validation at Epoch 5, AUROC: 0.75097 , AUPRC: 0.29157 , F1: 0.04081 , Cross-entropy Loss: 3.62349
Training at Epoch 6 iteration 0 with loss 0.27543. Total time 0.24361 hours
Training at Epoch 6 iteration 100 with loss 0.19859. Total time 0.27138 hours
Validation at Epoch 6, AUROC: 0.77341 , AUPRC: 0.31733 , F1: 0.0 , Cross-entropy Loss: 3.54639
Training at Epoch 7 iteration 0 with loss 0.24805. Total time 0.29222 hours
Training at Epoch 7 iteration 100 with loss 0.23555. Total time 0.32027 hours
Validation at Epoch 7, AUROC: 0.77255 , AUPRC: 0.31752 , F1: 0.0 , Cross-entropy Loss: 3.54639
Training at Epoch 8 iteration 0 with loss 0.31855. Total time 0.34111 hours
Training at Epoch 8 iteration 100 with loss 0.27295. Total time 0.36888 hours
Validation at Epoch 8, AUROC: 0.78201 , AUPRC: 0.28294 , F1: 0.04081 , Cross-entropy Loss: 3.62349
Training at Epoch 9 iteration 0 with loss 0.24459. Total time 0.38972 hours
Training at Epoch 9 iteration 100 with loss 0.22795. Total time 0.4175 hours
Validation at Epoch 9, AUROC: 0.78206 , AUPRC: 0.32404 , F1: 0.08 , Cross-entropy Loss: 3.54639
Training at Epoch 10 iteration 0 with loss 0.23034. Total time 0.43833 hours
Training at Epoch 10 iteration 100 with loss 0.28822. Total time 0.46638 hours
Validation at Epoch 10, AUROC: 0.79629 , AUPRC: 0.31386 , F1: 0.04081 , Cross-entropy Loss: 3.62349
Training at Epoch 11 iteration 0 with loss 0.24199. Total time 0.48722 hours
Training at Epoch 11 iteration 100 with loss 0.22405. Total time 0.515 hours
Validation at Epoch 11, AUROC: 0.78158 , AUPRC: 0.33192 , F1: 0.0 , Cross-entropy Loss: 3.62348
Training at Epoch 12 iteration 0 with loss 0.24803. Total time 0.53583 hours
Training at Epoch 12 iteration 100 with loss 0.25089. Total time 0.56361 hours
Validation at Epoch 12, AUROC: 0.79369 , AUPRC: 0.34913 , F1: 0.11320 , Cross-entropy Loss: 3.62349
Training at Epoch 13 iteration 0 with loss 0.28196. Total time 0.58444 hours
Training at Epoch 13 iteration 100 with loss 0.20058. Total time 0.61222 hours
Validation at Epoch 13, AUROC: 0.80180 , AUPRC: 0.38165 , F1: 0.21428 , Cross-entropy Loss: 3.39220
Training at Epoch 14 iteration 0 with loss 0.22336. Total time 0.63305 hours
Training at Epoch 14 iteration 100 with loss 0.21712. Total time 0.66111 hours
Validation at Epoch 14, AUROC: 0.81224 , AUPRC: 0.44027 , F1: 0.27118 , Cross-entropy Loss: 3.31511
Training at Epoch 15 iteration 0 with loss 0.23143. Total time 0.68194 hours
Training at Epoch 15 iteration 100 with loss 0.26110. Total time 0.70972 hours
Validation at Epoch 15, AUROC: 0.81884 , AUPRC: 0.43758 , F1: 0.35483 , Cross-entropy Loss: 3.08382
Training at Epoch 16 iteration 0 with loss 0.14391. Total time 0.73055 hours
Training at Epoch 16 iteration 100 with loss 0.23364. Total time 0.75833 hours
Validation at Epoch 16, AUROC: 0.85637 , AUPRC: 0.47412 , F1: 0.39393 , Cross-entropy Loss: 3.08383
Training at Epoch 17 iteration 0 with loss 0.14808. Total time 0.77944 hours
Training at Epoch 17 iteration 100 with loss 0.23261. Total time 0.80722 hours
Validation at Epoch 17, AUROC: 0.84901 , AUPRC: 0.51314 , F1: 0.41935 , Cross-entropy Loss: 2.77544
Training at Epoch 18 iteration 0 with loss 0.24856. Total time 0.82805 hours
Training at Epoch 18 iteration 100 with loss 0.15463. Total time 0.85583 hours
Validation at Epoch 18, AUROC: 0.86091 , AUPRC: 0.53463 , F1: 0.48648 , Cross-entropy Loss: 2.92964
Training at Epoch 19 iteration 0 with loss 0.17021. Total time 0.87666 hours
Training at Epoch 19 iteration 100 with loss 0.14476. Total time 0.90444 hours
Validation at Epoch 19, AUROC: 0.87475 , AUPRC: 0.56124 , F1: 0.44776 , Cross-entropy Loss: 2.85254
Training at Epoch 20 iteration 0 with loss 0.13716. Total time 0.92527 hours
Training at Epoch 20 iteration 100 with loss 0.15703. Total time 0.95333 hours
Validation at Epoch 20, AUROC: 0.86242 , AUPRC: 0.57170 , F1: 0.46376 , Cross-entropy Loss: 2.85254
--- Training Finished ---
predicting...
      roc_fpr   roc_tpr  roc_threshold
0    0.000000  0.000000   1.999871e+00
1    0.000000  0.001953   9.998713e-01
2    0.000000  0.056641   9.926899e-01
3    0.000199  0.056641   9.926329e-01
4    0.000199  0.197266   9.198985e-01
..        ...       ...            ...
505  0.754487  0.998047   1.325776e-04
506  0.754487  1.000000   1.321832e-04
507  0.975868  1.000000   1.236282e-08
508  0.976266  1.000000   1.135047e-08
509  1.000000  1.000000   6.640578e-13

[510 rows x 3 columns]
      pr_precision  pr_recall  pr_threshold
0         0.119208   1.000000      0.000132
1         0.119003   0.998047      0.000133
2         0.119031   0.998047      0.000133
3         0.119059   0.998047      0.000133
4         0.119086   0.998047      0.000134
...            ...        ...           ...
4291      1.000000   0.007812      0.999125
4292      1.000000   0.005859      0.999181
4293      1.000000   0.003906      0.999600
4294      1.000000   0.001953      0.999871
4295      1.000000   0.000000           NaN

[4296 rows x 3 columns]
roc_auc: 0.938346
pr_auc: 0.691979
7
Drug Target Interaction Prediction Mode...
in total: 44464 drug-target pairs
encoding drug...
unique drugs: 791
encoding protein...
unique target sequence: 988
splitting dataset...
do not do train/test split on the data for already splitted data
Drug Target Interaction Prediction Mode...
in total: 450 drug-target pairs
encoding drug...
unique drugs: 240
encoding protein...
unique target sequence: 362
splitting dataset...
do not do train/test split on the data for already splitted data
Drug Target Interaction Prediction Mode...
in total: 5539 drug-target pairs
encoding drug...
unique drugs: 225
encoding protein...
unique target sequence: 986
splitting dataset...
do not do train/test split on the data for already splitted data
Let's use 1 GPU!
--- Data Preparation ---
--- Go for Training ---
Training at Epoch 1 iteration 0 with loss 0.70893. Total time 0.0 hours
Training at Epoch 1 iteration 100 with loss 0.28992. Total time 0.02805 hours
Validation at Epoch 1, AUROC: 0.71249 , AUPRC: 0.26853 , F1: 0.0 , Cross-entropy Loss: 3.53063
Training at Epoch 2 iteration 0 with loss 0.24510. Total time 0.04888 hours
Training at Epoch 2 iteration 100 with loss 0.30829. Total time 0.07666 hours
Validation at Epoch 2, AUROC: 0.74311 , AUPRC: 0.25411 , F1: 0.0 , Cross-entropy Loss: 3.53063
Training at Epoch 3 iteration 0 with loss 0.23475. Total time 0.09777 hours
Training at Epoch 3 iteration 100 with loss 0.22913. Total time 0.12555 hours
Validation at Epoch 3, AUROC: 0.76910 , AUPRC: 0.31593 , F1: 0.0 , Cross-entropy Loss: 3.53063
Training at Epoch 4 iteration 0 with loss 0.22234. Total time 0.14638 hours
Training at Epoch 4 iteration 100 with loss 0.23489. Total time 0.17444 hours
Validation at Epoch 4, AUROC: 0.75780 , AUPRC: 0.30567 , F1: 0.0 , Cross-entropy Loss: 3.53063
Training at Epoch 5 iteration 0 with loss 0.28718. Total time 0.19527 hours
Training at Epoch 5 iteration 100 with loss 0.30287. Total time 0.22305 hours
Validation at Epoch 5, AUROC: 0.77760 , AUPRC: 0.29589 , F1: 0.0 , Cross-entropy Loss: 3.53063
Training at Epoch 6 iteration 0 with loss 0.28404. Total time 0.24416 hours
Training at Epoch 6 iteration 100 with loss 0.29318. Total time 0.27194 hours
Validation at Epoch 6, AUROC: 0.79520 , AUPRC: 0.33630 , F1: 0.0 , Cross-entropy Loss: 3.53063
Training at Epoch 7 iteration 0 with loss 0.39065. Total time 0.29277 hours
Training at Epoch 7 iteration 100 with loss 0.28862. Total time 0.32083 hours
Validation at Epoch 7, AUROC: 0.80746 , AUPRC: 0.32421 , F1: 0.0 , Cross-entropy Loss: 3.53063
Training at Epoch 8 iteration 0 with loss 0.23171. Total time 0.34166 hours
Training at Epoch 8 iteration 100 with loss 0.24077. Total time 0.36972 hours
Validation at Epoch 8, AUROC: 0.82092 , AUPRC: 0.38396 , F1: 0.0 , Cross-entropy Loss: 3.53063
Training at Epoch 9 iteration 0 with loss 0.25156. Total time 0.39055 hours
Training at Epoch 9 iteration 100 with loss 0.31990. Total time 0.41833 hours
Validation at Epoch 9, AUROC: 0.85923 , AUPRC: 0.51918 , F1: 0.19230 , Cross-entropy Loss: 3.22362
Training at Epoch 10 iteration 0 with loss 0.27818. Total time 0.43944 hours
Training at Epoch 10 iteration 100 with loss 0.24975. Total time 0.46722 hours
Validation at Epoch 10, AUROC: 0.85126 , AUPRC: 0.46633 , F1: 0.15384 , Cross-entropy Loss: 3.37712
Training at Epoch 11 iteration 0 with loss 0.30673. Total time 0.48805 hours
Training at Epoch 11 iteration 100 with loss 0.27579. Total time 0.51583 hours
Validation at Epoch 11, AUROC: 0.85998 , AUPRC: 0.49420 , F1: 0.27586 , Cross-entropy Loss: 3.22362
Training at Epoch 12 iteration 0 with loss 0.25915. Total time 0.53694 hours
Training at Epoch 12 iteration 100 with loss 0.24577. Total time 0.56472 hours
Validation at Epoch 12, AUROC: 0.84524 , AUPRC: 0.50624 , F1: 0.38709 , Cross-entropy Loss: 2.91661
Training at Epoch 13 iteration 0 with loss 0.16877. Total time 0.58555 hours
Training at Epoch 13 iteration 100 with loss 0.19630. Total time 0.61361 hours
Validation at Epoch 13, AUROC: 0.86595 , AUPRC: 0.53705 , F1: 0.36065 , Cross-entropy Loss: 2.99336
Training at Epoch 14 iteration 0 with loss 0.20424. Total time 0.63444 hours
Training at Epoch 14 iteration 100 with loss 0.19824. Total time 0.6625 hours
Validation at Epoch 14, AUROC: 0.87451 , AUPRC: 0.56893 , F1: 0.42424 , Cross-entropy Loss: 2.91661
Training at Epoch 15 iteration 0 with loss 0.15303. Total time 0.68333 hours
Training at Epoch 15 iteration 100 with loss 0.17458. Total time 0.71111 hours
Validation at Epoch 15, AUROC: 0.87220 , AUPRC: 0.58007 , F1: 0.34482 , Cross-entropy Loss: 2.91661
Training at Epoch 16 iteration 0 with loss 0.20672. Total time 0.73222 hours
Training at Epoch 16 iteration 100 with loss 0.21611. Total time 0.76 hours
Validation at Epoch 16, AUROC: 0.89883 , AUPRC: 0.64176 , F1: 0.43333 , Cross-entropy Loss: 2.60959
Training at Epoch 17 iteration 0 with loss 0.20659. Total time 0.78083 hours
Training at Epoch 17 iteration 100 with loss 0.21678. Total time 0.80888 hours
Validation at Epoch 17, AUROC: 0.89614 , AUPRC: 0.67150 , F1: 0.55882 , Cross-entropy Loss: 2.30259
Training at Epoch 18 iteration 0 with loss 0.17335. Total time 0.82972 hours
Training at Epoch 18 iteration 100 with loss 0.19409. Total time 0.8575 hours
Validation at Epoch 18, AUROC: 0.91417 , AUPRC: 0.66347 , F1: 0.56756 , Cross-entropy Loss: 2.45610
Training at Epoch 19 iteration 0 with loss 0.16073. Total time 0.87861 hours
Training at Epoch 19 iteration 100 with loss 0.19412. Total time 0.90638 hours
Validation at Epoch 19, AUROC: 0.91933 , AUPRC: 0.72424 , F1: 0.56716 , Cross-entropy Loss: 2.22583
Training at Epoch 20 iteration 0 with loss 0.15042. Total time 0.92722 hours
Training at Epoch 20 iteration 100 with loss 0.20823. Total time 0.95527 hours
Validation at Epoch 20, AUROC: 0.92585 , AUPRC: 0.70141 , F1: 0.55263 , Cross-entropy Loss: 2.60961
--- Training Finished ---
predicting...
      roc_fpr   roc_tpr  roc_threshold
0    0.000000  0.000000   1.999604e+00
1    0.000000  0.001953   9.996043e-01
2    0.000000  0.035156   9.899728e-01
3    0.000199  0.035156   9.899726e-01
4    0.000199  0.074219   9.637040e-01
..        ...       ...            ...
571  0.633977  0.996094   2.060198e-03
572  0.633977  0.998047   2.057768e-03
573  0.758106  0.998047   3.316123e-04
574  0.758106  1.000000   3.304471e-04
575  1.000000  1.000000   6.947329e-17

[576 rows x 3 columns]
      pr_precision  pr_recall  pr_threshold
0         0.118436   1.000000      0.000330
1         0.118232   0.998047      0.000332
2         0.118260   0.998047      0.000333
3         0.118287   0.998047      0.000339
4         0.118314   0.998047      0.000340
...            ...        ...           ...
4318      1.000000   0.007812      0.996705
4319      1.000000   0.005859      0.997965
4320      1.000000   0.003906      0.998787
4321      1.000000   0.001953      0.999604
4322      1.000000   0.000000           NaN

[4323 rows x 3 columns]
roc_auc: 0.928315
pr_auc: 0.634259
8
Drug Target Interaction Prediction Mode...
in total: 44371 drug-target pairs
encoding drug...
unique drugs: 791
encoding protein...
unique target sequence: 988
splitting dataset...
do not do train/test split on the data for already splitted data
Drug Target Interaction Prediction Mode...
in total: 449 drug-target pairs
encoding drug...
unique drugs: 251
encoding protein...
unique target sequence: 362
splitting dataset...
do not do train/test split on the data for already splitted data
Drug Target Interaction Prediction Mode...
in total: 5543 drug-target pairs
encoding drug...
unique drugs: 223
encoding protein...
unique target sequence: 986
splitting dataset...
do not do train/test split on the data for already splitted data
Let's use 1 GPU!
--- Data Preparation ---
--- Go for Training ---
Training at Epoch 1 iteration 0 with loss 0.69395. Total time 0.0 hours
Training at Epoch 1 iteration 100 with loss 0.33643. Total time 0.02805 hours
Validation at Epoch 1, AUROC: 0.71539 , AUPRC: 0.28950 , F1: 0.0 , Cross-entropy Loss: 3.53849
Training at Epoch 2 iteration 0 with loss 0.25312. Total time 0.04888 hours
Training at Epoch 2 iteration 100 with loss 0.30458. Total time 0.07666 hours
Validation at Epoch 2, AUROC: 0.75547 , AUPRC: 0.32874 , F1: 0.0 , Cross-entropy Loss: 3.53849
Training at Epoch 3 iteration 0 with loss 0.41844. Total time 0.0975 hours
Training at Epoch 3 iteration 100 with loss 0.23451. Total time 0.12555 hours
Validation at Epoch 3, AUROC: 0.75784 , AUPRC: 0.26405 , F1: 0.0 , Cross-entropy Loss: 3.53849
Training at Epoch 4 iteration 0 with loss 0.30473. Total time 0.14638 hours
Training at Epoch 4 iteration 100 with loss 0.26964. Total time 0.17416 hours
Validation at Epoch 4, AUROC: 0.76399 , AUPRC: 0.33121 , F1: 0.0 , Cross-entropy Loss: 3.53849
Training at Epoch 5 iteration 0 with loss 0.36001. Total time 0.195 hours
Training at Epoch 5 iteration 100 with loss 0.26785. Total time 0.22277 hours
Validation at Epoch 5, AUROC: 0.76550 , AUPRC: 0.23926 , F1: 0.0 , Cross-entropy Loss: 3.53849
Training at Epoch 6 iteration 0 with loss 0.30472. Total time 0.24388 hours
Training at Epoch 6 iteration 100 with loss 0.25879. Total time 0.27166 hours
Validation at Epoch 6, AUROC: 0.80181 , AUPRC: 0.26975 , F1: 0.0 , Cross-entropy Loss: 3.53849
Training at Epoch 7 iteration 0 with loss 0.33483. Total time 0.2925 hours
Training at Epoch 7 iteration 100 with loss 0.28191. Total time 0.32027 hours
Validation at Epoch 7, AUROC: 0.79652 , AUPRC: 0.29243 , F1: 0.0 , Cross-entropy Loss: 3.53849
Training at Epoch 8 iteration 0 with loss 0.27023. Total time 0.34111 hours
Training at Epoch 8 iteration 100 with loss 0.23490. Total time 0.36916 hours
Validation at Epoch 8, AUROC: 0.80434 , AUPRC: 0.32977 , F1: 0.0 , Cross-entropy Loss: 3.53849
Training at Epoch 9 iteration 0 with loss 0.22294. Total time 0.39 hours
Training at Epoch 9 iteration 100 with loss 0.30506. Total time 0.41777 hours
Validation at Epoch 9, AUROC: 0.79544 , AUPRC: 0.33338 , F1: 0.08163 , Cross-entropy Loss: 3.46157
Training at Epoch 10 iteration 0 with loss 0.24208. Total time 0.43861 hours
Training at Epoch 10 iteration 100 with loss 0.29089. Total time 0.46666 hours
Validation at Epoch 10, AUROC: 0.80413 , AUPRC: 0.31537 , F1: 0.12 , Cross-entropy Loss: 3.38464
Training at Epoch 11 iteration 0 with loss 0.25904. Total time 0.4875 hours
Training at Epoch 11 iteration 100 with loss 0.31443. Total time 0.51527 hours
Validation at Epoch 11, AUROC: 0.80526 , AUPRC: 0.36654 , F1: 0.04255 , Cross-entropy Loss: 3.46157
Training at Epoch 12 iteration 0 with loss 0.27548. Total time 0.53611 hours
Training at Epoch 12 iteration 100 with loss 0.26875. Total time 0.56416 hours
Validation at Epoch 12, AUROC: 0.80008 , AUPRC: 0.34363 , F1: 0.20689 , Cross-entropy Loss: 3.53850
Training at Epoch 13 iteration 0 with loss 0.27413. Total time 0.585 hours
Training at Epoch 13 iteration 100 with loss 0.28055. Total time 0.61277 hours
Validation at Epoch 13, AUROC: 0.82026 , AUPRC: 0.37744 , F1: 0.17857 , Cross-entropy Loss: 3.53850
Training at Epoch 14 iteration 0 with loss 0.27990. Total time 0.63361 hours
Training at Epoch 14 iteration 100 with loss 0.20308. Total time 0.66138 hours
Validation at Epoch 14, AUROC: 0.82748 , AUPRC: 0.44702 , F1: 0.29032 , Cross-entropy Loss: 3.38465
Training at Epoch 15 iteration 0 with loss 0.18750. Total time 0.6825 hours
Training at Epoch 15 iteration 100 with loss 0.19358. Total time 0.71027 hours
Validation at Epoch 15, AUROC: 0.84043 , AUPRC: 0.44938 , F1: 0.36363 , Cross-entropy Loss: 3.23081
Training at Epoch 16 iteration 0 with loss 0.16310. Total time 0.73111 hours
Training at Epoch 16 iteration 100 with loss 0.21452. Total time 0.75888 hours
Validation at Epoch 16, AUROC: 0.85553 , AUPRC: 0.49853 , F1: 0.29032 , Cross-entropy Loss: 3.38465
Training at Epoch 17 iteration 0 with loss 0.26356. Total time 0.78 hours
Training at Epoch 17 iteration 100 with loss 0.25595. Total time 0.80777 hours
Validation at Epoch 17, AUROC: 0.86503 , AUPRC: 0.54107 , F1: 0.39999 , Cross-entropy Loss: 3.00003
Training at Epoch 18 iteration 0 with loss 0.16152. Total time 0.82861 hours
Training at Epoch 18 iteration 100 with loss 0.15414. Total time 0.85638 hours
Validation at Epoch 18, AUROC: 0.87059 , AUPRC: 0.54834 , F1: 0.42857 , Cross-entropy Loss: 3.07696
Training at Epoch 19 iteration 0 with loss 0.16145. Total time 0.87722 hours
Training at Epoch 19 iteration 100 with loss 0.19926. Total time 0.90527 hours
Validation at Epoch 19, AUROC: 0.89383 , AUPRC: 0.62309 , F1: 0.44776 , Cross-entropy Loss: 2.84619
Training at Epoch 20 iteration 0 with loss 0.19640. Total time 0.92611 hours
Training at Epoch 20 iteration 100 with loss 0.19840. Total time 0.95388 hours
Validation at Epoch 20, AUROC: 0.88795 , AUPRC: 0.57196 , F1: 0.41791 , Cross-entropy Loss: 3.00003
--- Training Finished ---
predicting...
      roc_fpr   roc_tpr  roc_threshold
0    0.000000  0.000000   1.999175e+00
1    0.000000  0.001953   9.991754e-01
2    0.000000  0.029297   9.802269e-01
3    0.000199  0.029297   9.740636e-01
4    0.000199  0.130859   9.124083e-01
..        ...       ...            ...
541  0.689326  0.998047   2.968487e-04
542  0.689326  1.000000   2.954181e-04
543  0.693500  1.000000   2.635359e-04
544  0.693898  1.000000   2.634294e-04
545  1.000000  1.000000   9.246271e-11

[546 rows x 3 columns]
      pr_precision  pr_recall  pr_threshold
0         0.128643   1.000000      0.000295
1         0.128424   0.998047      0.000297
2         0.128457   0.998047      0.000297
3         0.128489   0.998047      0.000298
4         0.128521   0.998047      0.000298
...            ...        ...           ...
3975      1.000000   0.007812      0.994375
3976      1.000000   0.005859      0.998092
3977      1.000000   0.003906      0.998670
3978      1.000000   0.001953      0.999175
3979      1.000000   0.000000           NaN

[3980 rows x 3 columns]
roc_auc: 0.936574
pr_auc: 0.671758
9
Drug Target Interaction Prediction Mode...
in total: 44434 drug-target pairs
encoding drug...
unique drugs: 791
encoding protein...
unique target sequence: 988
splitting dataset...
do not do train/test split on the data for already splitted data
Drug Target Interaction Prediction Mode...
in total: 449 drug-target pairs
encoding drug...
unique drugs: 247
encoding protein...
unique target sequence: 358
splitting dataset...
do not do train/test split on the data for already splitted data
Drug Target Interaction Prediction Mode...
in total: 5519 drug-target pairs
encoding drug...
unique drugs: 222
encoding protein...
unique target sequence: 983
splitting dataset...
do not do train/test split on the data for already splitted data
Let's use 1 GPU!
--- Data Preparation ---
--- Go for Training ---
Training at Epoch 1 iteration 0 with loss 0.68349. Total time 0.0 hours
Training at Epoch 1 iteration 100 with loss 0.37292. Total time 0.02805 hours
Validation at Epoch 1, AUROC: 0.76836 , AUPRC: 0.25697 , F1: 0.0 , Cross-entropy Loss: 3.53849
Training at Epoch 2 iteration 0 with loss 0.31123. Total time 0.04888 hours
Training at Epoch 2 iteration 100 with loss 0.30202. Total time 0.07666 hours
Validation at Epoch 2, AUROC: 0.80310 , AUPRC: 0.29796 , F1: 0.0 , Cross-entropy Loss: 3.53849
Training at Epoch 3 iteration 0 with loss 0.29668. Total time 0.09777 hours
Training at Epoch 3 iteration 100 with loss 0.28086. Total time 0.12555 hours
Validation at Epoch 3, AUROC: 0.80321 , AUPRC: 0.34561 , F1: 0.0 , Cross-entropy Loss: 3.53849
Training at Epoch 4 iteration 0 with loss 0.31589. Total time 0.14638 hours
Training at Epoch 4 iteration 100 with loss 0.31791. Total time 0.17416 hours
Validation at Epoch 4, AUROC: 0.80402 , AUPRC: 0.31300 , F1: 0.0 , Cross-entropy Loss: 3.53849
Training at Epoch 5 iteration 0 with loss 0.27939. Total time 0.19527 hours
Training at Epoch 5 iteration 100 with loss 0.26620. Total time 0.22305 hours
Validation at Epoch 5, AUROC: 0.81945 , AUPRC: 0.35459 , F1: 0.0 , Cross-entropy Loss: 3.53849
Training at Epoch 6 iteration 0 with loss 0.33354. Total time 0.24416 hours
Training at Epoch 6 iteration 100 with loss 0.31443. Total time 0.27222 hours
Validation at Epoch 6, AUROC: 0.80958 , AUPRC: 0.35751 , F1: 0.0 , Cross-entropy Loss: 3.53849
Training at Epoch 7 iteration 0 with loss 0.23504. Total time 0.29361 hours
Training at Epoch 7 iteration 100 with loss 0.27053. Total time 0.32194 hours
Validation at Epoch 7, AUROC: 0.83137 , AUPRC: 0.36952 , F1: 0.0 , Cross-entropy Loss: 3.53849
Training at Epoch 8 iteration 0 with loss 0.28136. Total time 0.34388 hours
Training at Epoch 8 iteration 100 with loss 0.27013. Total time 0.37222 hours
Validation at Epoch 8, AUROC: 0.81519 , AUPRC: 0.36557 , F1: 0.0 , Cross-entropy Loss: 3.53849
Training at Epoch 9 iteration 0 with loss 0.29065. Total time 0.39333 hours
Training at Epoch 9 iteration 100 with loss 0.21699. Total time 0.42166 hours
Validation at Epoch 9, AUROC: 0.81982 , AUPRC: 0.39764 , F1: 0.0 , Cross-entropy Loss: 3.53849
Training at Epoch 10 iteration 0 with loss 0.33416. Total time 0.44277 hours
Training at Epoch 10 iteration 100 with loss 0.21338. Total time 0.47111 hours
Validation at Epoch 10, AUROC: 0.83299 , AUPRC: 0.37185 , F1: 0.0 , Cross-entropy Loss: 3.53849
Training at Epoch 11 iteration 0 with loss 0.25232. Total time 0.49333 hours
Training at Epoch 11 iteration 100 with loss 0.26570. Total time 0.52194 hours
Validation at Epoch 11, AUROC: 0.83563 , AUPRC: 0.43799 , F1: 0.04255 , Cross-entropy Loss: 3.46157
Training at Epoch 12 iteration 0 with loss 0.24600. Total time 0.54305 hours
Training at Epoch 12 iteration 100 with loss 0.26567. Total time 0.57083 hours
Validation at Epoch 12, AUROC: 0.85251 , AUPRC: 0.40303 , F1: 0.08 , Cross-entropy Loss: 3.53849
Training at Epoch 13 iteration 0 with loss 0.26248. Total time 0.59194 hours
Training at Epoch 13 iteration 100 with loss 0.18594. Total time 0.62 hours
Validation at Epoch 13, AUROC: 0.83914 , AUPRC: 0.38198 , F1: 0.04166 , Cross-entropy Loss: 3.53849
Training at Epoch 14 iteration 0 with loss 0.19849. Total time 0.64083 hours
Training at Epoch 14 iteration 100 with loss 0.21750. Total time 0.66916 hours
Validation at Epoch 14, AUROC: 0.87366 , AUPRC: 0.43284 , F1: 0.10909 , Cross-entropy Loss: 3.76927
Training at Epoch 15 iteration 0 with loss 0.21641. Total time 0.69 hours
Training at Epoch 15 iteration 100 with loss 0.20039. Total time 0.71833 hours
Validation at Epoch 15, AUROC: 0.86346 , AUPRC: 0.48181 , F1: 0.26229 , Cross-entropy Loss: 3.46158
Training at Epoch 16 iteration 0 with loss 0.21424. Total time 0.73916 hours
Training at Epoch 16 iteration 100 with loss 0.18789. Total time 0.76722 hours
Validation at Epoch 16, AUROC: 0.87139 , AUPRC: 0.46030 , F1: 0.25806 , Cross-entropy Loss: 3.53850
Training at Epoch 17 iteration 0 with loss 0.15043. Total time 0.78833 hours
Training at Epoch 17 iteration 100 with loss 0.21024. Total time 0.81638 hours
Validation at Epoch 17, AUROC: 0.88693 , AUPRC: 0.52495 , F1: 0.38095 , Cross-entropy Loss: 3.00003
Training at Epoch 18 iteration 0 with loss 0.24576. Total time 0.8375 hours
Training at Epoch 18 iteration 100 with loss 0.24680. Total time 0.86555 hours
Validation at Epoch 18, AUROC: 0.89691 , AUPRC: 0.56730 , F1: 0.49999 , Cross-entropy Loss: 2.61541
Training at Epoch 19 iteration 0 with loss 0.17654. Total time 0.88666 hours
Training at Epoch 19 iteration 100 with loss 0.17696. Total time 0.91472 hours
Validation at Epoch 19, AUROC: 0.87139 , AUPRC: 0.54318 , F1: 0.47887 , Cross-entropy Loss: 2.84619
Training at Epoch 20 iteration 0 with loss 0.19211. Total time 0.93583 hours
Training at Epoch 20 iteration 100 with loss 0.20558. Total time 0.96388 hours
Validation at Epoch 20, AUROC: 0.90155 , AUPRC: 0.55948 , F1: 0.45945 , Cross-entropy Loss: 3.07697
--- Training Finished ---
predicting...
      roc_fpr   roc_tpr  roc_threshold
0    0.000000  0.000000   1.999979e+00
1    0.000000  0.001953   9.999785e-01
2    0.000000  0.027344   9.988407e-01
3    0.000200  0.027344   9.987600e-01
4    0.000200  0.089844   9.905370e-01
..        ...       ...            ...
571  0.804873  0.996094   1.523815e-04
572  0.804873  0.998047   1.521654e-04
573  0.828240  0.998047   9.006576e-05
574  0.828240  1.000000   8.987873e-05
575  1.000000  1.000000   2.103268e-11

[576 rows x 3 columns]
      pr_precision  pr_recall  pr_threshold
0         0.109895   1.000000      0.000090
1         0.109704   0.998047      0.000090
2         0.109727   0.998047      0.000090
3         0.109751   0.998047      0.000090
4         0.109774   0.998047      0.000090
...            ...        ...           ...
4654      1.000000   0.007812      0.999738
4655      1.000000   0.005859      0.999910
4656      1.000000   0.003906      0.999923
4657      1.000000   0.001953      0.999979
4658      1.000000   0.000000           NaN

[4659 rows x 3 columns]
roc_auc: 0.927588
pr_auc: 0.652257
    roc_auc    pr_auc
0  0.941548  0.703951
1  0.935872  0.685426
2  0.905678  0.601283
3  0.942456  0.696066
4  0.920166  0.646440
5  0.919009  0.609551
6  0.938346  0.691979
7  0.928315  0.634259
8  0.936574  0.671758
9  0.927588  0.652257
         roc_auc     pr_auc
count  10.000000  10.000000
mean    0.929555   0.659297
std     0.011793   0.036414
min     0.905678   0.601283
25%     0.922022   0.637305
50%     0.932093   0.662007
75%     0.937903   0.690340
max     0.942456   0.703951
