0
     roc_fpr_rf  roc_tpr_rf  roc_threshold_rf
0      0.000000    0.000000          1.995000
1      0.000000    0.001953          0.995000
2      0.000000    0.005859          0.980000
3      0.000000    0.009766          0.975000
4      0.000000    0.011719          0.970000
..          ...         ...               ...
185    0.868259    1.000000          0.010000
186    0.868657    1.000000          0.009729
187    0.868856    1.000000          0.009486
188    0.943881    1.000000          0.005000
189    1.000000    1.000000          0.000000

[190 rows x 3 columns]
     pr_precision_rf  pr_recall_rf  pr_threshold_rf
0           0.161616      1.000000         0.035000
1           0.171486      0.996094         0.038720
2           0.171544      0.996094         0.040000
3           0.180878      0.990234         0.044067
4           0.180942      0.990234         0.044486
..               ...           ...              ...
197         1.000000      0.009766         0.975000
198         1.000000      0.005859         0.980000
199         1.000000      0.003906         0.985000
200         1.000000      0.001953         0.995000
201         1.000000      0.000000              NaN

[202 rows x 3 columns]
     roc_fpr_kge_rf  roc_tpr_kge_rf  roc_threshold_kge_rf
0          0.000000        0.000000                 1.948
1          0.000000        0.001953                 0.948
2          0.000000        0.015625                 0.804
3          0.000000        0.019531                 0.798
4          0.000000        0.029297                 0.760
..              ...             ...                   ...
265        0.994030        1.000000                 0.010
266        0.998010        1.000000                 0.008
267        0.999005        1.000000                 0.006
268        0.999602        1.000000                 0.004
269        1.000000        1.000000                 0.002

[270 rows x 3 columns]
     pr_precision_kge_rf  pr_recall_kge_rf  pr_threshold_kge_rf
0               0.095880          1.000000                0.018
1               0.097668          0.998047                0.020
2               0.099513          0.998047                0.022
3               0.102098          0.998047                0.024
4               0.105339          0.998047                0.026
..                   ...               ...                  ...
324             1.000000          0.007812                0.874
325             1.000000          0.005859                0.894
326             1.000000          0.003906                0.924
327             1.000000          0.001953                0.948
328             1.000000          0.000000                  NaN

[329 rows x 3 columns]
roc_auc_rf: 0.955385
pr_auc_rf: 0.787096
roc_auc_kge_rf: 0.974366
pr_auc_kge_rf: 0.876783
1
     roc_fpr_rf  roc_tpr_rf  roc_threshold_rf
0      0.000000    0.000000             1.975
1      0.000000    0.001953             0.975
2      0.000000    0.009766             0.955
3      0.000000    0.017578             0.920
4      0.000000    0.019531             0.915
..          ...         ...               ...
163    0.691955    0.994141             0.020
164    0.768817    0.994141             0.015
165    0.856432    0.998047             0.010
166    0.938471    1.000000             0.005
167    1.000000    1.000000             0.000

[168 rows x 3 columns]
     pr_precision_rf  pr_recall_rf  pr_threshold_rf
0           0.097990      1.000000            0.005
1           0.106193      0.998047            0.010
2           0.116476      0.994141            0.015
3           0.127761      0.994141            0.020
4           0.139057      0.990234            0.025
..               ...           ...              ...
177         1.000000      0.007812            0.960
178         1.000000      0.005859            0.965
179         1.000000      0.003906            0.970
180         1.000000      0.001953            0.975
181         1.000000      0.000000              NaN

[182 rows x 3 columns]
     roc_fpr_kge_rf  roc_tpr_kge_rf  roc_threshold_kge_rf
0          0.000000        0.000000                 1.938
1          0.000000        0.001953                 0.938
2          0.000000        0.009766                 0.800
3          0.000000        0.013672                 0.766
4          0.000000        0.037109                 0.726
..              ...             ...                   ...
277        0.993628        1.000000                 0.010
278        0.997013        1.000000                 0.008
279        0.999004        1.000000                 0.006
280        0.999403        1.000000                 0.004
281        1.000000        1.000000                 0.002

[282 rows x 3 columns]
     pr_precision_kge_rf  pr_recall_kge_rf  pr_threshold_kge_rf
0               0.122782          1.000000                0.034
1               0.127527          0.998047                0.036
2               0.132934          0.998047                0.038
3               0.137912          0.996094                0.040
4               0.143541          0.996094                0.042
..                   ...               ...                  ...
317             1.000000          0.007812                0.814
318             1.000000          0.005859                0.870
319             1.000000          0.003906                0.884
320             1.000000          0.001953                0.938
321             1.000000          0.000000                  NaN

[322 rows x 3 columns]
roc_auc_rf: 0.947636
pr_auc_rf: 0.784820
roc_auc_kge_rf: 0.965148
pr_auc_kge_rf: 0.861380
2
     roc_fpr_rf  roc_tpr_rf  roc_threshold_rf
0      0.000000    0.000000           1.98500
1      0.000000    0.003906           0.98500
2      0.000000    0.007812           0.95500
3      0.000000    0.015625           0.93500
4      0.000000    0.023438           0.91000
..          ...         ...               ...
170    0.779371    0.994141           0.01500
171    0.779570    0.994141           0.01473
172    0.856432    0.998047           0.01000
173    0.940263    1.000000           0.00500
174    1.000000    1.000000           0.00000

[175 rows x 3 columns]
     pr_precision_rf  pr_recall_rf  pr_threshold_rf
0           0.097822      1.000000          0.00500
1           0.106193      0.998047          0.01000
2           0.115054      0.994141          0.01473
3           0.115080      0.994141          0.01500
4           0.127155      0.994141          0.02000
..               ...           ...              ...
189         1.000000      0.011719          0.94500
190         1.000000      0.007812          0.95500
191         1.000000      0.005859          0.97500
192         1.000000      0.003906          0.98500
193         1.000000      0.000000              NaN

[194 rows x 3 columns]
     roc_fpr_kge_rf  roc_tpr_kge_rf  roc_threshold_kge_rf
0          0.000000        0.000000                 1.884
1          0.000000        0.001953                 0.884
2          0.000000        0.019531                 0.770
3          0.000000        0.025391                 0.760
4          0.000000        0.027344                 0.754
..              ...             ...                   ...
271        0.993230        1.000000                 0.010
272        0.996615        1.000000                 0.008
273        0.999004        1.000000                 0.006
274        0.999801        1.000000                 0.004
275        1.000000        1.000000                 0.002

[276 rows x 3 columns]
     pr_precision_kge_rf  pr_recall_kge_rf  pr_threshold_kge_rf
0               0.113500          1.000000                0.030
1               0.117309          0.998047                0.032
2               0.121841          0.998047                0.034
3               0.126266          0.998047                0.036
4               0.130937          0.996094                0.038
..                   ...               ...                  ...
311             1.000000          0.007812                0.834
312             1.000000          0.005859                0.840
313             1.000000          0.003906                0.852
314             1.000000          0.001953                0.884
315             1.000000          0.000000                  NaN

[316 rows x 3 columns]
roc_auc_rf: 0.940293
pr_auc_rf: 0.749827
roc_auc_kge_rf: 0.958583
pr_auc_kge_rf: 0.827419
3
     roc_fpr_rf  roc_tpr_rf  roc_threshold_rf
0      0.000000    0.000000             1.985
1      0.000000    0.001953             0.985
2      0.000000    0.003906             0.980
3      0.000000    0.007812             0.950
4      0.000000    0.009766             0.945
..          ...         ...               ...
189    0.715249    1.000000             0.020
190    0.795558    1.000000             0.015
191    0.876066    1.000000             0.010
192    0.948642    1.000000             0.005
193    1.000000    1.000000             0.000

[194 rows x 3 columns]
     pr_precision_rf  pr_recall_rf  pr_threshold_rf
0           0.124302      1.000000         0.020000
1           0.136522      0.998047         0.024214
2           0.136558      0.998047         0.025000
3           0.148202      0.998047         0.030000
4           0.159837      0.998047         0.034067
..               ...           ...              ...
199         1.000000      0.009766         0.945000
200         1.000000      0.007812         0.950000
201         1.000000      0.003906         0.980000
202         1.000000      0.001953         0.985000
203         1.000000      0.000000              NaN

[204 rows x 3 columns]
     roc_fpr_kge_rf  roc_tpr_kge_rf  roc_threshold_kge_rf
0          0.000000        0.000000                 1.938
1          0.000000        0.001953                 0.938
2          0.000000        0.023438                 0.804
3          0.000000        0.029297                 0.802
4          0.000000        0.031250                 0.800
..              ...             ...                   ...
274        0.993655        1.000000                 0.010
275        0.997819        1.000000                 0.008
276        0.999405        1.000000                 0.006
277        0.999802        1.000000                 0.004
278        1.000000        1.000000                 0.002

[279 rows x 3 columns]
     pr_precision_kge_rf  pr_recall_kge_rf  pr_threshold_kge_rf
0               0.113049          1.000000                0.030
1               0.117068          0.998047                0.032
2               0.121870          0.998047                0.034
3               0.127114          0.998047                0.036
4               0.131633          0.998047                0.038
..                   ...               ...                  ...
318             1.000000          0.007812                0.858
319             1.000000          0.005859                0.860
320             1.000000          0.003906                0.884
321             1.000000          0.001953                0.938
322             1.000000          0.000000                  NaN

[323 rows x 3 columns]
roc_auc_rf: 0.961794
pr_auc_rf: 0.803395
roc_auc_kge_rf: 0.971312
pr_auc_kge_rf: 0.868592
4
     roc_fpr_rf  roc_tpr_rf  roc_threshold_rf
0      0.000000    0.000000             2.000
1      0.000000    0.001953             1.000
2      0.000000    0.005859             0.965
3      0.000000    0.009766             0.960
4      0.000000    0.011719             0.950
..          ...         ...               ...
164    0.712498    0.998047             0.020
165    0.791377    0.998047             0.015
166    0.865090    0.998047             0.010
167    0.947546    1.000000             0.005
168    1.000000    1.000000             0.000

[169 rows x 3 columns]
     pr_precision_rf  pr_recall_rf  pr_threshold_rf
0           0.096951      1.000000            0.005
1           0.105036      0.998047            0.010
2           0.113707      0.998047            0.015
3           0.124725      0.998047            0.020
4           0.136558      0.998047            0.025
..               ...           ...              ...
185         1.000000      0.009766            0.960
186         1.000000      0.005859            0.965
187         1.000000      0.003906            0.990
188         1.000000      0.001953            1.000
189         1.000000      0.000000              NaN

[190 rows x 3 columns]
     roc_fpr_kge_rf  roc_tpr_kge_rf  roc_threshold_kge_rf
0          0.000000        0.000000                 1.908
1          0.000000        0.001953                 0.908
2          0.000000        0.003906                 0.904
3          0.000000        0.007812                 0.890
4          0.000000        0.017578                 0.820
..              ...             ...                   ...
270        0.994834        1.000000                 0.010
271        0.998013        1.000000                 0.008
272        0.999007        1.000000                 0.006
273        0.999603        1.000000                 0.004
274        1.000000        1.000000                 0.002

[275 rows x 3 columns]
     pr_precision_kge_rf  pr_recall_kge_rf  pr_threshold_kge_rf
0               0.130546          1.000000                0.038
1               0.135652          0.998047                0.040
2               0.140733          0.998047                0.042
3               0.146924          0.998047                0.044
4               0.152578          0.994141                0.046
..                   ...               ...                  ...
306             1.000000          0.009766                0.886
307             1.000000          0.007812                0.890
308             1.000000          0.003906                0.904
309             1.000000          0.001953                0.908
310             1.000000          0.000000                  NaN

[311 rows x 3 columns]
roc_auc_rf: 0.943008
pr_auc_rf: 0.752321
roc_auc_kge_rf: 0.961009
pr_auc_kge_rf: 0.839094
5
     roc_fpr_rf  roc_tpr_rf  roc_threshold_rf
0      0.000000    0.000000          2.000000
1      0.000000    0.001953          1.000000
2      0.000000    0.003906          0.990000
3      0.000000    0.009766          0.980000
4      0.000000    0.017578          0.960000
..          ...         ...               ...
199    0.796829    0.996094          0.015000
200    0.876115    0.998047          0.010000
201    0.876313    0.998047          0.009485
202    0.945094    0.998047          0.005000
203    1.000000    1.000000          0.000000

[204 rows x 3 columns]
     pr_precision_rf  pr_recall_rf  pr_threshold_rf
0           0.092136      1.000000         0.000000
1           0.096799      0.998047         0.005000
2           0.103609      0.998047         0.009485
3           0.103630      0.998047         0.010000
4           0.112583      0.996094         0.015000
..               ...           ...              ...
217         1.000000      0.013672         0.965000
218         1.000000      0.009766         0.980000
219         1.000000      0.003906         0.990000
220         1.000000      0.001953         1.000000
221         1.000000      0.000000              NaN

[222 rows x 3 columns]
     roc_fpr_kge_rf  roc_tpr_kge_rf  roc_threshold_kge_rf
0          0.000000        0.000000                 1.932
1          0.000000        0.001953                 0.932
2          0.000000        0.019531                 0.790
3          0.000000        0.023438                 0.786
4          0.000000        0.037109                 0.750
..              ...             ...                   ...
265        0.994252        1.000000                 0.010
266        0.997225        1.000000                 0.008
267        0.999009        1.000000                 0.006
268        0.999604        1.000000                 0.004
269        1.000000        1.000000                 0.002

[270 rows x 3 columns]
     pr_precision_kge_rf  pr_recall_kge_rf  pr_threshold_kge_rf
0               0.133438          1.000000                0.040
1               0.139010          0.998047                0.042
2               0.144272          0.996094                0.044
3               0.149868          0.996094                0.046
4               0.155725          0.996094                0.048
..                   ...               ...                  ...
306             1.000000          0.007812                0.856
307             1.000000          0.005859                0.878
308             1.000000          0.003906                0.890
309             1.000000          0.001953                0.932
310             1.000000          0.000000                  NaN

[311 rows x 3 columns]
roc_auc_rf: 0.943198
pr_auc_rf: 0.766647
roc_auc_kge_rf: 0.966118
pr_auc_kge_rf: 0.850662
6
     roc_fpr_rf  roc_tpr_rf  roc_threshold_rf
0      0.000000    0.000000          1.985000
1      0.000000    0.001953          0.985000
2      0.000000    0.009766          0.955000
3      0.000000    0.013672          0.950000
4      0.000000    0.017578          0.940000
..          ...         ...               ...
178    0.764460    1.000000          0.014485
179    0.851416    1.000000          0.010000
180    0.851815    1.000000          0.009485
181    0.935580    1.000000          0.005000
182    1.000000    1.000000          0.000000

[183 rows x 3 columns]
     pr_precision_rf  pr_recall_rf  pr_threshold_rf
0           0.128967      1.000000         0.020000
1           0.141040      0.996094         0.025000
2           0.151706      0.990234         0.029485
3           0.151751      0.990234         0.030000
4           0.162451      0.978516         0.034485
..               ...           ...              ...
198         1.000000      0.007812         0.960000
199         1.000000      0.005859         0.965000
200         1.000000      0.003906         0.975000
201         1.000000      0.001953         0.985000
202         1.000000      0.000000              NaN

[203 rows x 3 columns]
     roc_fpr_kge_rf  roc_tpr_kge_rf  roc_threshold_kge_rf
0          0.000000        0.000000                 1.938
1          0.000000        0.001953                 0.938
2          0.000000        0.019531                 0.810
3          0.000000        0.023438                 0.804
4          0.000000        0.027344                 0.798
..              ...             ...                   ...
270        0.995413        1.000000                 0.010
271        0.997607        1.000000                 0.008
272        0.998803        1.000000                 0.006
273        0.999601        1.000000                 0.004
274        1.000000        1.000000                 0.002

[275 rows x 3 columns]
     pr_precision_kge_rf  pr_recall_kge_rf  pr_threshold_kge_rf
0               0.104107          1.000000                0.024
1               0.107240          0.998047                0.026
2               0.110201          0.998047                0.028
3               0.114318          0.998047                0.030
4               0.118893          0.998047                0.032
..                   ...               ...                  ...
319             1.000000          0.007812                0.840
320             1.000000          0.005859                0.884
321             1.000000          0.003906                0.904
322             1.000000          0.001953                0.938
323             1.000000          0.000000                  NaN

[324 rows x 3 columns]
roc_auc_rf: 0.942983
pr_auc_rf: 0.771592
roc_auc_kge_rf: 0.963402
pr_auc_kge_rf: 0.854456
7
     roc_fpr_rf  roc_tpr_rf  roc_threshold_rf
0      0.000000    0.000000          1.985000
1      0.000000    0.003906          0.985000
2      0.000000    0.013672          0.945000
3      0.000000    0.017578          0.935000
4      0.000000    0.023438          0.930000
..          ...         ...               ...
173    0.856177    1.000000          0.010000
174    0.856376    1.000000          0.009729
175    0.938930    1.000000          0.005000
176    0.939129    1.000000          0.004486
177    1.000000    1.000000          0.000000

[178 rows x 3 columns]
     pr_precision_rf  pr_recall_rf  pr_threshold_rf
0           0.106312      1.000000            0.010
1           0.116720      0.998047            0.015
2           0.128893      0.994141            0.020
3           0.141150      0.992188            0.025
4           0.154103      0.990234            0.030
..               ...           ...              ...
197         1.000000      0.009766            0.960
198         1.000000      0.007812            0.965
199         1.000000      0.005859            0.970
200         1.000000      0.003906            0.985
201         1.000000      0.000000              NaN

[202 rows x 3 columns]
     roc_fpr_kge_rf  roc_tpr_kge_rf  roc_threshold_kge_rf
0          0.000000        0.000000                 1.934
1          0.000000        0.001953                 0.934
2          0.000000        0.029297                 0.764
3          0.000000        0.033203                 0.762
4          0.000000        0.042969                 0.728
..              ...             ...                   ...
269        0.993038        1.000000                 0.010
270        0.997215        1.000000                 0.008
271        0.999403        1.000000                 0.006
272        0.999801        1.000000                 0.004
273        1.000000        1.000000                 0.002

[274 rows x 3 columns]
     pr_precision_kge_rf  pr_recall_kge_rf  pr_threshold_kge_rf
0               0.168144          1.000000                0.048
1               0.175360          0.998047                0.050
2               0.183154          0.998047                0.052
3               0.190228          0.996094                0.054
4               0.197216          0.996094                0.056
..                   ...               ...                  ...
307             1.000000          0.007812                0.854
308             1.000000          0.005859                0.858
309             1.000000          0.003906                0.916
310             1.000000          0.001953                0.934
311             1.000000          0.000000                  NaN

[312 rows x 3 columns]
roc_auc_rf: 0.952074
pr_auc_rf: 0.779674
roc_auc_kge_rf: 0.965504
pr_auc_kge_rf: 0.851952
8
     roc_fpr_rf  roc_tpr_rf  roc_threshold_rf
0      0.000000    0.000000             1.975
1      0.000000    0.001953             0.975
2      0.000000    0.007812             0.960
3      0.000000    0.011719             0.955
4      0.000000    0.013672             0.950
..          ...         ...               ...
177    0.709402    0.994141             0.020
178    0.782747    0.996094             0.015
179    0.863645    0.996094             0.010
180    0.942755    0.998047             0.005
181    1.000000    1.000000             0.000

[182 rows x 3 columns]
     pr_precision_rf  pr_recall_rf  pr_threshold_rf
0           0.092369      1.000000            0.000
1           0.097259      0.998047            0.005
2           0.105046      0.996094            0.010
3           0.114658      0.996094            0.015
4           0.124816      0.994141            0.020
..               ...           ...              ...
189         1.000000      0.007812            0.960
190         1.000000      0.005859            0.965
191         1.000000      0.003906            0.970
192         1.000000      0.001953            0.975
193         1.000000      0.000000              NaN

[194 rows x 3 columns]
     roc_fpr_kge_rf  roc_tpr_kge_rf  roc_threshold_kge_rf
0          0.000000        0.000000                 1.932
1          0.000000        0.001953                 0.932
2          0.000000        0.019531                 0.784
3          0.000000        0.025391                 0.780
4          0.000000        0.041016                 0.732
..              ...             ...                   ...
258        0.989068        1.000000                 0.012
259        0.994633        1.000000                 0.010
260        0.997018        1.000000                 0.008
261        0.999404        1.000000                 0.004
262        1.000000        1.000000                 0.002

[263 rows x 3 columns]
     pr_precision_kge_rf  pr_recall_kge_rf  pr_threshold_kge_rf
0               0.135989          1.000000                0.040
1               0.140927          0.998047                0.042
2               0.146586          0.998047                0.044
3               0.151993          0.998047                0.046
4               0.158302          0.998047                0.048
..                   ...               ...                  ...
308             1.000000          0.007812                0.844
309             1.000000          0.005859                0.886
310             1.000000          0.003906                0.920
311             1.000000          0.001953                0.932
312             1.000000          0.000000                  NaN

[313 rows x 3 columns]
roc_auc_rf: 0.949419
pr_auc_rf: 0.775195
roc_auc_kge_rf: 0.964771
pr_auc_kge_rf: 0.849931
9
     roc_fpr_rf  roc_tpr_rf  roc_threshold_rf
0      0.000000    0.000000          1.970000
1      0.000000    0.007812          0.970000
2      0.000000    0.013672          0.945000
3      0.000000    0.021484          0.935000
4      0.000000    0.023438          0.930000
..          ...         ...               ...
179    0.797683    0.996094          0.014486
180    0.868584    1.000000          0.010000
181    0.868784    1.000000          0.009729
182    0.947873    1.000000          0.005000
183    1.000000    1.000000          0.000000

[184 rows x 3 columns]
     pr_precision_rf  pr_recall_rf  pr_threshold_rf
0           0.105328      1.000000         0.010000
1           0.113233      0.996094         0.014486
2           0.113258      0.996094         0.015000
3           0.123457      0.996094         0.019486
4           0.123517      0.996094         0.019729
..               ...           ...              ...
198         1.000000      0.013672         0.945000
199         1.000000      0.011719         0.960000
200         1.000000      0.009766         0.965000
201         1.000000      0.007812         0.970000
202         1.000000      0.000000              NaN

[203 rows x 3 columns]
     roc_fpr_kge_rf  roc_tpr_kge_rf  roc_threshold_kge_rf
0          0.000000        0.000000                 1.892
1          0.000000        0.001953                 0.892
2          0.000000        0.017578                 0.824
3          0.000000        0.021484                 0.810
4          0.000000        0.035156                 0.778
..              ...             ...                   ...
268        0.986818        1.000000                 0.012
269        0.994608        1.000000                 0.010
270        0.996605        1.000000                 0.008
271        0.999201        1.000000                 0.006
272        1.000000        1.000000                 0.002

[273 rows x 3 columns]
     pr_precision_kge_rf  pr_recall_kge_rf  pr_threshold_kge_rf
0               0.095844          1.000000                0.016
1               0.096909          0.998047                0.018
2               0.098573          0.998047                0.020
3               0.100531          0.998047                0.022
4               0.103024          0.998047                0.024
..                   ...               ...                  ...
327             1.000000          0.007812                0.860
328             1.000000          0.005859                0.862
329             1.000000          0.003906                0.866
330             1.000000          0.001953                0.892
331             1.000000          0.000000                  NaN

[332 rows x 3 columns]
roc_auc_rf: 0.951441
pr_auc_rf: 0.791609
roc_auc_kge_rf: 0.961697
pr_auc_kge_rf: 0.848447
   roc_auc_rf  pr_auc_rf  roc_auc_kge_rf  pr_auc_kge_rf
0    0.955385   0.787096        0.974366       0.876783
1    0.947636   0.784820        0.965148       0.861380
2    0.940293   0.749827        0.958583       0.827419
3    0.961794   0.803395        0.971312       0.868592
4    0.943008   0.752321        0.961009       0.839094
5    0.943198   0.766647        0.966118       0.850662
6    0.942983   0.771592        0.963402       0.854456
7    0.952074   0.779674        0.965504       0.851952
8    0.949419   0.775195        0.964771       0.849931
9    0.951441   0.791609        0.961697       0.848447
       roc_auc_rf  pr_auc_rf  roc_auc_kge_rf  pr_auc_kge_rf
count   10.000000  10.000000       10.000000      10.000000
mean     0.948723   0.776218        0.965191       0.852872
std      0.006689   0.016870        0.004706       0.014005
min      0.940293   0.749827        0.958583       0.827419
25%      0.943056   0.767883        0.962123       0.848818
50%      0.948527   0.777434        0.964960       0.851307
75%      0.951916   0.786527        0.965964       0.859649
max      0.961794   0.803395        0.974366       0.876783
